<?xml version="1.0" encoding="utf-8"?><testsuites name="pytest tests"><testsuite name="pytest" errors="0" failures="0" skipped="0" tests="11" time="8.014" timestamp="2026-03-09T20:17:02.785482+00:00" hostname="agent-env-0ec71972-139b-4330-b75b-d6695b123a78"><testcase classname="backend.tests.test_admin_email_endpoints.TestAdminEmailEndpoints" name="test_weekly_summary_requires_admin" time="0.618" /><testcase classname="backend.tests.test_admin_email_endpoints.TestAdminEmailEndpoints" name="test_weekly_summary_sends_emails" time="0.941" /><testcase classname="backend.tests.test_admin_email_endpoints.TestAdminEmailEndpoints" name="test_dream_funded_requires_admin" time="0.463" /><testcase classname="backend.tests.test_admin_email_endpoints.TestAdminEmailEndpoints" name="test_dream_funded_journey_not_found" time="0.497" /><testcase classname="backend.tests.test_admin_email_endpoints.TestAdminEmailEndpoints" name="test_dream_funded_sends_email_and_marks_funded" time="1.393" /><testcase classname="backend.tests.test_admin_email_endpoints.TestAdminEmailEndpoints" name="test_new_journey_requires_admin" time="0.473" /><testcase classname="backend.tests.test_admin_email_endpoints.TestAdminEmailEndpoints" name="test_new_journey_not_found" time="0.468" /><testcase classname="backend.tests.test_admin_email_endpoints.TestAdminEmailEndpoints" name="test_new_journey_sends_email_and_marks_sent" time="1.315" /><testcase classname="backend.tests.test_admin_email_endpoints.TestExistingJourneys" name="test_journey_china_exists" time="0.452" /><testcase classname="backend.tests.test_admin_email_endpoints.TestExistingJourneys" name="test_journey_japao_exists" time="0.462" /><testcase classname="backend.tests.test_admin_email_endpoints.TestEmailHelperFunctions" name="test_sender_email_is_mail_4luis" time="0.862" /></testsuite></testsuites>