<?xml version="1.0" encoding="utf-8"?><testsuites name="pytest tests"><testsuite name="pytest" errors="0" failures="0" skipped="0" tests="7" time="12.813" timestamp="2026-03-16T16:41:11.733247+00:00" hostname="agent-env-b45b1ad7-a600-40a0-bc19-5b984d018450"><testcase classname="backend.tests.test_admin_journey_edit_form.TestAdminJourneyEditFormAPI" name="test_generate_story_chapters_endpoint_exists" time="0.656" /><testcase classname="backend.tests.test_admin_journey_edit_form.TestAdminJourneyEditFormAPI" name="test_generate_story_chapters_missing_journey_name" time="0.477" /><testcase classname="backend.tests.test_admin_journey_edit_form.TestAdminJourneyEditFormAPI" name="test_generate_story_chapters_with_valid_data" time="8.864" /><testcase classname="backend.tests.test_admin_journey_edit_form.TestAdminJourneyEditFormAPI" name="test_get_journeys_list" time="0.702" /><testcase classname="backend.tests.test_admin_journey_edit_form.TestAdminJourneyEditFormAPI" name="test_update_journey_story_chapters" time="0.621" /><testcase classname="backend.tests.test_admin_journey_edit_form.TestAdminJourneyEditFormAPI" name="test_update_journey_contribution_descriptions" time="0.659" /><testcase classname="backend.tests.test_admin_journey_edit_form.TestAdminJourneyEditFormAPI" name="test_update_journey_basic_fields" time="0.772" /></testsuite></testsuites>