<?xml version="1.0" encoding="utf-8"?><testsuites name="pytest tests"><testsuite name="pytest" errors="0" failures="0" skipped="0" tests="15" time="9.166" timestamp="2026-02-26T19:57:30.384328+00:00" hostname="agent-env-4063fc72-6cca-49a7-9479-60eadc80aa80"><testcase classname="backend.tests.test_admin_application_management.TestAdminAuthentication" name="test_admin_login" time="0.428" /><testcase classname="backend.tests.test_admin_application_management.TestAdminAuthentication" name="test_unauthorized_access_to_admin_endpoints" time="0.148" /><testcase classname="backend.tests.test_admin_application_management.TestListAmbassadorApplications" name="test_list_all_applications" time="0.500" /><testcase classname="backend.tests.test_admin_application_management.TestListAmbassadorApplications" name="test_filter_applications_by_candidatura_status" time="0.497" /><testcase classname="backend.tests.test_admin_application_management.TestListAmbassadorApplications" name="test_application_contains_required_fields" time="0.472" /><testcase classname="backend.tests.test_admin_application_management.TestApplicationDetails" name="test_get_application_details" time="0.603" /><testcase classname="backend.tests.test_admin_application_management.TestApplicationDetails" name="test_details_include_journey_data" time="0.809" /><testcase classname="backend.tests.test_admin_application_management.TestApplicationDetails" name="test_details_include_ambassador_history" time="0.789" /><testcase classname="backend.tests.test_admin_application_management.TestApplicationDetails" name="test_details_not_found_for_invalid_id" time="0.484" /><testcase classname="backend.tests.test_admin_application_management.TestApproveApplication" name="test_approve_with_auto_activate" time="1.229" /><testcase classname="backend.tests.test_admin_application_management.TestRequestAdjustments" name="test_request_adjustments" time="0.787" /><testcase classname="backend.tests.test_admin_application_management.TestRejectApplication" name="test_reject_application" time="0.651" /><testcase classname="backend.tests.test_admin_application_management.TestStatusValidation" name="test_invalid_status_rejected" time="0.572" /><testcase classname="backend.tests.test_admin_application_management.TestStatusValidation" name="test_nonexistent_journey_returns_404" time="0.554" /><testcase classname="backend.tests.test_admin_application_management.TestCleanup" name="test_reset_journey_to_candidatura" time="0.525" /></testsuite></testsuites>