<?xml version="1.0" encoding="utf-8"?><testsuites name="pytest tests"><testsuite name="pytest" errors="0" failures="0" skipped="0" tests="18" time="4.803" timestamp="2026-02-26T19:35:11.598742+00:00" hostname="agent-env-4063fc72-6cca-49a7-9479-60eadc80aa80"><testcase classname="backend.tests.test_admin_candidaturas_visibilidade.TestAuth" name="test_admin_login" time="0.388" /><testcase classname="backend.tests.test_admin_candidaturas_visibilidade.TestCandidaturas" name="test_get_ambassador_journeys_all" time="0.437" /><testcase classname="backend.tests.test_admin_candidaturas_visibilidade.TestCandidaturas" name="test_get_ambassador_journeys_with_filter" time="0.084" /><testcase classname="backend.tests.test_admin_candidaturas_visibilidade.TestCandidaturas" name="test_get_ambassador_journeys_all_statuses" time="0.524" /><testcase classname="backend.tests.test_admin_candidaturas_visibilidade.TestVisibilidade" name="test_get_journeys_visibility" time="0.431" /><testcase classname="backend.tests.test_admin_candidaturas_visibilidade.TestVisibilidade" name="test_get_journeys_visibility_filtered" time="0.188" /><testcase classname="backend.tests.test_admin_candidaturas_visibilidade.TestVisibilidade" name="test_recalculate_all_visibility" time="0.135" /><testcase classname="backend.tests.test_admin_candidaturas_visibilidade.TestVisibilityActions" name="test_update_visibility_feature" time="0.853" /><testcase classname="backend.tests.test_admin_candidaturas_visibilidade.TestVisibilityActions" name="test_update_visibility_boost_positive" time="0.068" /><testcase classname="backend.tests.test_admin_candidaturas_visibilidade.TestVisibilityActions" name="test_update_visibility_boost_negative" time="0.074" /><testcase classname="backend.tests.test_admin_candidaturas_visibilidade.TestVisibilityActions" name="test_update_visibility_hide" time="0.064" /><testcase classname="backend.tests.test_admin_candidaturas_visibilidade.TestVisibilityActions" name="test_update_visibility_unhide" time="0.070" /><testcase classname="backend.tests.test_admin_candidaturas_visibilidade.TestVisibilityActions" name="test_update_visibility_unfeature" time="0.110" /><testcase classname="backend.tests.test_admin_candidaturas_visibilidade.TestApplicationStatusChange" name="test_status_change_endpoint_exists" time="0.428" /><testcase classname="backend.tests.test_admin_candidaturas_visibilidade.TestApplicationStatusChange" name="test_status_change_invalid_status" time="0.067" /><testcase classname="backend.tests.test_admin_candidaturas_visibilidade.TestAdminAccess" name="test_candidaturas_requires_auth" time="0.170" /><testcase classname="backend.tests.test_admin_candidaturas_visibilidade.TestAdminAccess" name="test_visibility_requires_auth" time="0.193" /><testcase classname="backend.tests.test_admin_candidaturas_visibilidade.TestAdminAccess" name="test_recalculate_requires_auth" time="0.441" /></testsuite></testsuites>