<?xml version="1.0" encoding="utf-8"?><testsuites name="pytest tests"><testsuite name="pytest" errors="0" failures="9" skipped="6" tests="18" time="3.053" timestamp="2026-02-26T19:34:36.961886+00:00" hostname="agent-env-4063fc72-6cca-49a7-9479-60eadc80aa80"><testcase classname="backend.tests.test_admin_candidaturas_visibilidade.TestAuth" name="test_admin_login" time="0.390"><failure message="AssertionError: Admin login failed: {&quot;detail&quot;:&quot;Credenciais inválidas&quot;}&#10;assert 401 == 200&#10; +  where 401 = &lt;Response [401]&gt;.status_code">backend/tests/test_admin_candidaturas_visibilidade.py:36: in test_admin_login
    assert response.status_code == 200, f"Admin login failed: {response.text}"
E   AssertionError: Admin login failed: {"detail":"Credenciais inválidas"}
E   assert 401 == 200
E    +  where 401 = &lt;Response [401]&gt;.status_code</failure></testcase><testcase classname="backend.tests.test_admin_candidaturas_visibilidade.TestCandidaturas" name="test_get_ambassador_journeys_all" time="0.468"><failure message="AssertionError: Failed to get ambassador journeys: {&quot;detail&quot;:&quot;Autenticação necessária&quot;}&#10;assert 401 == 200&#10; +  where 401 = &lt;Response [401]&gt;.status_code">backend/tests/test_admin_candidaturas_visibilidade.py:66: in test_get_ambassador_journeys_all
    assert response.status_code == 200, f"Failed to get ambassador journeys: {response.text}"
E   AssertionError: Failed to get ambassador journeys: {"detail":"Autenticação necessária"}
E   assert 401 == 200
E    +  where 401 = &lt;Response [401]&gt;.status_code</failure></testcase><testcase classname="backend.tests.test_admin_candidaturas_visibilidade.TestCandidaturas" name="test_get_ambassador_journeys_with_filter" time="0.073"><failure message="AssertionError: Failed to get filtered journeys: {&quot;detail&quot;:&quot;Autenticação necessária&quot;}&#10;assert 401 == 200&#10; +  where 401 = &lt;Response [401]&gt;.status_code">backend/tests/test_admin_candidaturas_visibilidade.py:81: in test_get_ambassador_journeys_with_filter
    assert response.status_code == 200, f"Failed to get filtered journeys: {response.text}"
E   AssertionError: Failed to get filtered journeys: {"detail":"Autenticação necessária"}
E   assert 401 == 200
E    +  where 401 = &lt;Response [401]&gt;.status_code</failure></testcase><testcase classname="backend.tests.test_admin_candidaturas_visibilidade.TestCandidaturas" name="test_get_ambassador_journeys_all_statuses" time="0.066"><failure message="AssertionError: Failed to filter by status candidatura: {&quot;detail&quot;:&quot;Autenticação necessária&quot;}&#10;assert 401 == 200&#10; +  where 401 = &lt;Response [401]&gt;.status_code">backend/tests/test_admin_candidaturas_visibilidade.py:94: in test_get_ambassador_journeys_all_statuses
    assert response.status_code == 200, f"Failed to filter by status {status}: {response.text}"
E   AssertionError: Failed to filter by status candidatura: {"detail":"Autenticação necessária"}
E   assert 401 == 200
E    +  where 401 = &lt;Response [401]&gt;.status_code</failure></testcase><testcase classname="backend.tests.test_admin_candidaturas_visibilidade.TestVisibilidade" name="test_get_journeys_visibility" time="0.429"><failure message="AssertionError: Failed to get visibility data: {&quot;detail&quot;:&quot;Autenticação necessária&quot;}&#10;assert 401 == 200&#10; +  where 401 = &lt;Response [401]&gt;.status_code">backend/tests/test_admin_candidaturas_visibilidade.py:118: in test_get_journeys_visibility
    assert response.status_code == 200, f"Failed to get visibility data: {response.text}"
E   AssertionError: Failed to get visibility data: {"detail":"Autenticação necessária"}
E   assert 401 == 200
E    +  where 401 = &lt;Response [401]&gt;.status_code</failure></testcase><testcase classname="backend.tests.test_admin_candidaturas_visibilidade.TestVisibilidade" name="test_get_journeys_visibility_filtered" time="0.054"><failure message="AssertionError: Failed to get ativa visibility: {&quot;detail&quot;:&quot;Autenticação necessária&quot;}&#10;assert 401 == 200&#10; +  where 401 = &lt;Response [401]&gt;.status_code">backend/tests/test_admin_candidaturas_visibilidade.py:131: in test_get_journeys_visibility_filtered
    assert response.status_code == 200, f"Failed to get ativa visibility: {response.text}"
E   AssertionError: Failed to get ativa visibility: {"detail":"Autenticação necessária"}
E   assert 401 == 200
E    +  where 401 = &lt;Response [401]&gt;.status_code</failure></testcase><testcase classname="backend.tests.test_admin_candidaturas_visibilidade.TestVisibilidade" name="test_recalculate_all_visibility" time="0.067"><failure message="AssertionError: Failed to recalculate visibility: {&quot;detail&quot;:&quot;Autenticação necessária&quot;}&#10;assert 401 == 200&#10; +  where 401 = &lt;Response [401]&gt;.status_code">backend/tests/test_admin_candidaturas_visibilidade.py:138: in test_recalculate_all_visibility
    assert response.status_code == 200, f"Failed to recalculate visibility: {response.text}"
E   AssertionError: Failed to recalculate visibility: {"detail":"Autenticação necessária"}
E   assert 401 == 200
E    +  where 401 = &lt;Response [401]&gt;.status_code</failure></testcase><testcase classname="backend.tests.test_admin_candidaturas_visibilidade.TestVisibilityActions" name="test_update_visibility_feature" time="0.411"><skipped type="pytest.skip" message="No journeys available for testing visibility actions">/app/backend/tests/test_admin_candidaturas_visibilidade.py:171: No journeys available for testing visibility actions</skipped></testcase><testcase classname="backend.tests.test_admin_candidaturas_visibilidade.TestVisibilityActions" name="test_update_visibility_boost_positive" time="0.000"><skipped type="pytest.skip" message="No journeys available for testing visibility actions">/app/backend/tests/test_admin_candidaturas_visibilidade.py:188: No journeys available for testing visibility actions</skipped></testcase><testcase classname="backend.tests.test_admin_candidaturas_visibilidade.TestVisibilityActions" name="test_update_visibility_boost_negative" time="0.000"><skipped type="pytest.skip" message="No journeys available for testing visibility actions">/app/backend/tests/test_admin_candidaturas_visibilidade.py:199: No journeys available for testing visibility actions</skipped></testcase><testcase classname="backend.tests.test_admin_candidaturas_visibilidade.TestVisibilityActions" name="test_update_visibility_hide" time="0.000"><skipped type="pytest.skip" message="No journeys available for testing visibility actions">/app/backend/tests/test_admin_candidaturas_visibilidade.py:210: No journeys available for testing visibility actions</skipped></testcase><testcase classname="backend.tests.test_admin_candidaturas_visibilidade.TestVisibilityActions" name="test_update_visibility_unhide" time="0.000"><skipped type="pytest.skip" message="No journeys available for testing visibility actions">/app/backend/tests/test_admin_candidaturas_visibilidade.py:219: No journeys available for testing visibility actions</skipped></testcase><testcase classname="backend.tests.test_admin_candidaturas_visibilidade.TestVisibilityActions" name="test_update_visibility_unfeature" time="0.000"><skipped type="pytest.skip" message="No journeys available for testing visibility actions">/app/backend/tests/test_admin_candidaturas_visibilidade.py:228: No journeys available for testing visibility actions</skipped></testcase><testcase classname="backend.tests.test_admin_candidaturas_visibilidade.TestApplicationStatusChange" name="test_status_change_endpoint_exists" time="0.406"><failure message="AssertionError: Expected 404 for non-existent journey, got 401&#10;assert 401 == 404&#10; +  where 401 = &lt;Response [401]&gt;.status_code">backend/tests/test_admin_candidaturas_visibilidade.py:262: in test_status_change_endpoint_exists
    assert response.status_code == 404, f"Expected 404 for non-existent journey, got {response.status_code}"
E   AssertionError: Expected 404 for non-existent journey, got 401
E   assert 401 == 404
E    +  where 401 = &lt;Response [401]&gt;.status_code</failure></testcase><testcase classname="backend.tests.test_admin_candidaturas_visibilidade.TestApplicationStatusChange" name="test_status_change_invalid_status" time="0.066"><failure message="AssertionError: Expected 400 or 404, got 401&#10;assert 401 in [400, 404]&#10; +  where 401 = &lt;Response [401]&gt;.status_code">backend/tests/test_admin_candidaturas_visibilidade.py:272: in test_status_change_invalid_status
    assert response.status_code in [400, 404], f"Expected 400 or 404, got {response.status_code}"
E   AssertionError: Expected 400 or 404, got 401
E   assert 401 in [400, 404]
E    +  where 401 = &lt;Response [401]&gt;.status_code</failure></testcase><testcase classname="backend.tests.test_admin_candidaturas_visibilidade.TestAdminAccess" name="test_candidaturas_requires_auth" time="0.228" /><testcase classname="backend.tests.test_admin_candidaturas_visibilidade.TestAdminAccess" name="test_visibility_requires_auth" time="0.154" /><testcase classname="backend.tests.test_admin_candidaturas_visibilidade.TestAdminAccess" name="test_recalculate_requires_auth" time="0.107" /></testsuite></testsuites>