<?xml version="1.0" encoding="utf-8"?><testsuites name="pytest tests"><testsuite name="pytest" errors="0" failures="0" skipped="0" tests="11" time="1.870" timestamp="2026-03-19T11:40:16.507582+00:00" hostname="agent-env-b3674f6f-cf4c-4a73-ae32-a94e652d56fc"><testcase classname="tests.test_affiliate_monetization_iter42.TestAffiliateLinks" name="test_get_affiliate_links_returns_all_platforms" time="0.259" /><testcase classname="tests.test_affiliate_monetization_iter42.TestAffiliateLinks" name="test_affiliate_links_have_correct_urls" time="0.151" /><testcase classname="tests.test_affiliate_monetization_iter42.TestAffiliateClickTracking" name="test_track_click_booking" time="0.150" /><testcase classname="tests.test_affiliate_monetization_iter42.TestAffiliateClickTracking" name="test_track_click_skyscanner" time="0.155" /><testcase classname="tests.test_affiliate_monetization_iter42.TestAffiliateClickTracking" name="test_track_click_getyourguide" time="0.144" /><testcase classname="tests.test_affiliate_monetization_iter42.TestAffiliateClickTracking" name="test_track_click_airalo" time="0.115" /><testcase classname="tests.test_affiliate_monetization_iter42.TestAffiliateClickTracking" name="test_track_click_cars" time="0.106" /><testcase classname="tests.test_affiliate_monetization_iter42.TestAffiliateClickTracking" name="test_track_click_invalid_platform_returns_400" time="0.158" /><testcase classname="tests.test_affiliate_monetization_iter42.TestAffiliateClickTracking" name="test_track_click_missing_platform_returns_400" time="0.103" /><testcase classname="tests.test_affiliate_monetization_iter42.TestSupportTicketEndpoints" name="test_support_tickets_endpoint_requires_auth" time="0.102" /><testcase classname="tests.test_affiliate_monetization_iter42.TestAuthForScrollBugTest" name="test_login_admin" time="0.357" /></testsuite></testsuites>