<?xml version="1.0" encoding="utf-8"?><testsuites name="pytest tests"><testsuite name="pytest" errors="0" failures="0" skipped="0" tests="9" time="1.320" timestamp="2026-03-20T13:39:59.464924+00:00" hostname="agent-env-b3674f6f-cf4c-4a73-ae32-a94e652d56fc"><testcase classname="backend.tests.test_affiliate_iter46.TestAffiliateLinks" name="test_get_affiliate_links_returns_200" time="0.300" /><testcase classname="backend.tests.test_affiliate_iter46.TestAffiliateLinks" name="test_affiliate_links_contains_booking" time="0.140" /><testcase classname="backend.tests.test_affiliate_iter46.TestAffiliateLinks" name="test_affiliate_links_contains_skyscanner" time="0.130" /><testcase classname="backend.tests.test_affiliate_iter46.TestAffiliateLinks" name="test_affiliate_links_contains_getyourguide" time="0.109" /><testcase classname="backend.tests.test_affiliate_iter46.TestAffiliateLinks" name="test_affiliate_links_contains_airalo" time="0.112" /><testcase classname="backend.tests.test_affiliate_iter46.TestAffiliateClickTracking" name="test_track_click_booking" time="0.117" /><testcase classname="backend.tests.test_affiliate_iter46.TestAffiliateClickTracking" name="test_track_click_skyscanner" time="0.134" /><testcase classname="backend.tests.test_affiliate_iter46.TestAffiliateClickTracking" name="test_track_click_getyourguide" time="0.110" /><testcase classname="backend.tests.test_affiliate_iter46.TestAffiliateClickTracking" name="test_track_click_airalo" time="0.104" /></testsuite></testsuites>