<?xml version="1.0" encoding="utf-8"?><testsuites name="pytest tests"><testsuite name="pytest" errors="0" failures="2" skipped="0" tests="10" time="33.369" timestamp="2026-03-25T18:43:41.988108+00:00" hostname="agent-env-15fa1322-fa0e-4014-bd1e-9982079a9c74"><testcase classname="backend.tests.test_ai_assistant_iter65.TestAIAssistantEndpoint" name="test_endpoint_exists" time="1.614"><failure message="AssertionError: Endpoint should exist but require auth. Got: 500&#10;assert 500 in [401, 422]&#10; +  where 500 = &lt;Response [500]&gt;.status_code">backend/tests/test_ai_assistant_iter65.py:90: in test_endpoint_exists
    assert response.status_code in [401, 422], f"Endpoint should exist but require auth. Got: {response.status_code}"
E   AssertionError: Endpoint should exist but require auth. Got: 500
E   assert 500 in [401, 422]
E    +  where 500 = &lt;Response [500]&gt;.status_code</failure></testcase><testcase classname="backend.tests.test_ai_assistant_iter65.TestAIAssistantEndpoint" name="test_requires_authentication" time="0.113"><failure message="AssertionError: Expected 401, got 500: Internal Server Error&#10;assert 500 == 401&#10; +  where 500 = &lt;Response [500]&gt;.status_code">backend/tests/test_ai_assistant_iter65.py:99: in test_requires_authentication
    assert response.status_code == 401, f"Expected 401, got {response.status_code}: {response.text}"
E   AssertionError: Expected 401, got 500: Internal Server Error
E   assert 500 == 401
E    +  where 500 = &lt;Response [500]&gt;.status_code</failure></testcase><testcase classname="backend.tests.test_ai_assistant_iter65.TestAIAssistantEndpoint" name="test_returns_403_for_non_ambassador" time="0.524" /><testcase classname="backend.tests.test_ai_assistant_iter65.TestAIAssistantEndpoint" name="test_ambassador_can_access" time="8.654" /><testcase classname="backend.tests.test_ai_assistant_iter65.TestAIAssistantEndpoint" name="test_response_structure" time="6.826" /><testcase classname="backend.tests.test_ai_assistant_iter65.TestAIAssistantEndpoint" name="test_requires_plan_and_message" time="0.247" /><testcase classname="backend.tests.test_ai_assistant_iter65.TestAIAssistantEndpoint" name="test_quick_action_cheaper" time="8.388" /><testcase classname="backend.tests.test_ai_assistant_iter65.TestAIAssistantEndpoint" name="test_quick_action_experiences" time="6.317" /><testcase classname="backend.tests.test_ai_assistant_iter65.TestAmbassadorProgressEndpoint" name="test_ambassador_progress_includes_ai_assistant_feature" time="0.479" /><testcase classname="backend.tests.test_ai_assistant_iter65.TestAmbassadorProgressEndpoint" name="test_ambassador_features_endpoint" time="0.105" /></testsuite></testsuites>