<?xml version="1.0" encoding="utf-8"?><testsuites name="pytest tests"><testsuite name="pytest" errors="0" failures="0" skipped="0" tests="9" time="13.940" timestamp="2026-03-06T18:28:40.716475+00:00" hostname="agent-env-ee82aeb7-11cc-4fee-8e83-292b1d72faf1"><testcase classname="tests.test_ai_generate_descriptions.TestAIGenerateContributionDescriptions" name="test_generate_descriptions_success" time="5.034" /><testcase classname="tests.test_ai_generate_descriptions.TestAIGenerateContributionDescriptions" name="test_generate_descriptions_only_journey_name" time="2.916" /><testcase classname="tests.test_ai_generate_descriptions.TestAIGenerateContributionDescriptions" name="test_generate_descriptions_missing_journey_name" time="0.115" /><testcase classname="tests.test_ai_generate_descriptions.TestAIGenerateContributionDescriptions" name="test_generate_descriptions_empty_journey_name" time="0.109" /><testcase classname="tests.test_ai_generate_descriptions.TestAIGenerateContributionDescriptions" name="test_generate_descriptions_requires_admin_auth" time="0.754" /><testcase classname="tests.test_ai_generate_descriptions.TestAIGenerateContributionDescriptions" name="test_generate_descriptions_no_auth" time="0.138" /><testcase classname="tests.test_ai_generate_descriptions.TestAdminJourneySaveDescriptions" name="test_save_descriptions_to_japan_journey" time="4.584" /><testcase classname="tests.test_ai_generate_descriptions.TestAdminJourneySaveDescriptions" name="test_verify_descriptions_persist" time="0.113" /><testcase classname="tests.test_ai_generate_descriptions.TestChinaDescriptionsOnHomepage" name="test_homepage_main_journey_has_descriptions" time="0.115" /></testsuite></testsuites>