<?xml version="1.0" encoding="utf-8"?><testsuites name="pytest tests"><testsuite name="pytest" errors="0" failures="0" skipped="0" tests="15" time="2.081" timestamp="2026-03-09T18:39:12.456464+00:00" hostname="agent-env-0ec71972-139b-4330-b75b-d6695b123a78"><testcase classname="backend.tests.test_ambassador_journeys_homepage.TestAmbassadorJourneysHomepage" name="test_ambassador_journeys_returns_200" time="0.239" /><testcase classname="backend.tests.test_ambassador_journeys_homepage.TestAmbassadorJourneysHomepage" name="test_ambassador_journeys_returns_4_journeys" time="0.118" /><testcase classname="backend.tests.test_ambassador_journeys_homepage.TestAmbassadorJourneysHomepage" name="test_ambassador_journeys_structure" time="0.177" /><testcase classname="backend.tests.test_ambassador_journeys_homepage.TestAmbassadorJourneysHomepage" name="test_ambassador_journeys_has_europa_region" time="0.110" /><testcase classname="backend.tests.test_ambassador_journeys_homepage.TestAmbassadorJourneysHomepage" name="test_ambassador_journeys_has_asia_region" time="0.151" /><testcase classname="backend.tests.test_ambassador_journeys_homepage.TestAmbassadorJourneysHomepage" name="test_journey_fields_present" time="0.108" /><testcase classname="backend.tests.test_ambassador_journeys_homepage.TestAmbassadorJourneysHomepage" name="test_costa_amalfitana_journey" time="0.157" /><testcase classname="backend.tests.test_ambassador_journeys_homepage.TestAmbassadorJourneysHomepage" name="test_bali_journey" time="0.118" /><testcase classname="backend.tests.test_ambassador_journeys_homepage.TestAmbassadorJourneysHomepage" name="test_pamukkale_journey" time="0.116" /><testcase classname="backend.tests.test_ambassador_journeys_homepage.TestAmbassadorJourneysHomepage" name="test_halong_bay_journey" time="0.112" /><testcase classname="backend.tests.test_ambassador_journeys_homepage.TestJourneyDetailPages" name="test_costa_amalfitana_detail_page" time="0.108" /><testcase classname="backend.tests.test_ambassador_journeys_homepage.TestJourneyDetailPages" name="test_bali_detail_page" time="0.146" /><testcase classname="backend.tests.test_ambassador_journeys_homepage.TestJourneyDetailPages" name="test_pamukkale_detail_page" time="0.115" /><testcase classname="backend.tests.test_ambassador_journeys_homepage.TestJourneyDetailPages" name="test_halong_bay_detail_page" time="0.109" /><testcase classname="backend.tests.test_ambassador_journeys_homepage.TestJourneyDetailPages" name="test_journey_progress_endpoint" time="0.122" /></testsuite></testsuites>