<?xml version="1.0" encoding="utf-8"?><testsuites name="pytest tests"><testsuite name="pytest" errors="0" failures="0" skipped="0" tests="9" time="3.999" timestamp="2026-03-20T18:41:13.992804+00:00" hostname="agent-env-5899293d-64d1-4410-a4a2-717043da26e8"><testcase classname="backend.tests.test_ambassador_system_iter54.TestAmbassadorFeatures" name="test_ambassador_features_anonymous" time="0.308" /><testcase classname="backend.tests.test_ambassador_system_iter54.TestAmbassadorFeatures" name="test_ambassador_features_with_auth" time="0.652" /><testcase classname="backend.tests.test_ambassador_system_iter54.TestAmbassadorProgress" name="test_ambassador_progress_requires_auth" time="0.186" /><testcase classname="backend.tests.test_ambassador_system_iter54.TestAmbassadorProgress" name="test_ambassador_progress_structure" time="0.436" /><testcase classname="backend.tests.test_ambassador_system_iter54.TestAmbassadorReferral" name="test_generate_referral_requires_auth" time="0.121" /><testcase classname="backend.tests.test_ambassador_system_iter54.TestAmbassadorReferral" name="test_generate_referral_with_auth" time="0.563" /><testcase classname="backend.tests.test_ambassador_system_iter54.TestAmbassadorReferral" name="test_generate_referral_idempotent" time="0.624" /><testcase classname="backend.tests.test_ambassador_system_iter54.TestAntiAbuse" name="test_self_referral_prevention" time="0.592" /><testcase classname="backend.tests.test_ambassador_system_iter54.TestNewUserAmbassadorFlow" name="test_new_user_ambassador_progress" time="0.451" /></testsuite></testsuites>