<?xml version="1.0" encoding="utf-8"?><testsuites name="pytest tests"><testsuite name="pytest" errors="0" failures="0" skipped="0" tests="38" time="18.710" timestamp="2026-04-16T17:43:20.916356+00:00" hostname="agent-env-68993fab-763d-4665-b599-0704fd650a5d"><testcase classname="backend.tests.test_ambassador_admin_routes_migration.TestAuthSetup" name="test_admin_login" time="0.499" /><testcase classname="backend.tests.test_ambassador_admin_routes_migration.TestAmbassadorRoutes" name="test_ambassador_progress_requires_auth" time="0.493" /><testcase classname="backend.tests.test_ambassador_admin_routes_migration.TestAmbassadorRoutes" name="test_ambassador_progress_authenticated" time="0.450" /><testcase classname="backend.tests.test_ambassador_admin_routes_migration.TestAmbassadorRoutes" name="test_ambassador_features_public" time="0.513" /><testcase classname="backend.tests.test_ambassador_admin_routes_migration.TestAmbassadorRoutes" name="test_ambassador_features_authenticated" time="0.533" /><testcase classname="backend.tests.test_ambassador_admin_routes_migration.TestAmbassadorRoutes" name="test_generate_referral_requires_auth" time="0.457" /><testcase classname="backend.tests.test_ambassador_admin_routes_migration.TestAmbassadorRoutes" name="test_generate_referral_authenticated" time="0.457" /><testcase classname="backend.tests.test_ambassador_admin_routes_migration.TestAmbassadorRoutes" name="test_trust_indicators_public" time="0.485" /><testcase classname="backend.tests.test_ambassador_admin_routes_migration.TestAmbassadorRoutes" name="test_create_sponsor_link_requires_auth" time="0.478" /><testcase classname="backend.tests.test_ambassador_admin_routes_migration.TestAmbassadorRoutes" name="test_create_sponsor_link_authenticated" time="0.479" /><testcase classname="backend.tests.test_ambassador_admin_routes_migration.TestAmbassadorRoutes" name="test_get_my_sponsor_links_requires_auth" time="0.474" /><testcase classname="backend.tests.test_ambassador_admin_routes_migration.TestAmbassadorRoutes" name="test_get_my_sponsor_links_authenticated" time="0.501" /><testcase classname="backend.tests.test_ambassador_admin_routes_migration.TestAdminRoutes" name="test_admin_stats_requires_admin" time="0.456" /><testcase classname="backend.tests.test_ambassador_admin_routes_migration.TestAdminRoutes" name="test_admin_stats_authenticated" time="0.470" /><testcase classname="backend.tests.test_ambassador_admin_routes_migration.TestAdminRoutes" name="test_admin_users_requires_admin" time="0.462" /><testcase classname="backend.tests.test_ambassador_admin_routes_migration.TestAdminRoutes" name="test_admin_users_authenticated" time="0.491" /><testcase classname="backend.tests.test_ambassador_admin_routes_migration.TestAdminRoutes" name="test_admin_users_dashboard_requires_admin" time="0.432" /><testcase classname="backend.tests.test_ambassador_admin_routes_migration.TestAdminRoutes" name="test_admin_users_dashboard_authenticated" time="0.457" /><testcase classname="backend.tests.test_ambassador_admin_routes_migration.TestAdminRoutes" name="test_admin_user_detail_requires_admin" time="0.431" /><testcase classname="backend.tests.test_ambassador_admin_routes_migration.TestAdminRoutes" name="test_admin_update_user_level_requires_admin" time="0.544" /><testcase classname="backend.tests.test_ambassador_admin_routes_migration.TestAdminRoutes" name="test_admin_emails_requires_admin" time="0.438" /><testcase classname="backend.tests.test_ambassador_admin_routes_migration.TestAdminRoutes" name="test_admin_emails_authenticated" time="0.497" /><testcase classname="backend.tests.test_ambassador_admin_routes_migration.TestAdminRoutes" name="test_admin_test_email_requires_admin" time="0.467" /><testcase classname="backend.tests.test_ambassador_admin_routes_migration.TestAdminRoutes" name="test_admin_sponsors_report_requires_admin" time="0.461" /><testcase classname="backend.tests.test_ambassador_admin_routes_migration.TestAdminRoutes" name="test_admin_sponsors_report_authenticated" time="0.498" /><testcase classname="backend.tests.test_ambassador_admin_routes_migration.TestAdminRoutes" name="test_public_settings" time="0.478" /><testcase classname="backend.tests.test_ambassador_admin_routes_migration.TestAdminRoutes" name="test_dreamers_stats_public" time="0.496" /><testcase classname="backend.tests.test_ambassador_admin_routes_migration.TestAdminRoutes" name="test_admin_audit_logs_requires_admin" time="0.453" /><testcase classname="backend.tests.test_ambassador_admin_routes_migration.TestAdminRoutes" name="test_admin_audit_logs_authenticated" time="0.472" /><testcase classname="backend.tests.test_ambassador_admin_routes_migration.TestAdminRoutes" name="test_admin_audit_logs_with_filter" time="0.451" /><testcase classname="backend.tests.test_ambassador_admin_routes_migration.TestAdminRoutes" name="test_public_gallery" time="0.508" /><testcase classname="backend.tests.test_ambassador_admin_routes_migration.TestAdminRoutes" name="test_admin_gallery_requires_admin" time="0.479" /><testcase classname="backend.tests.test_ambassador_admin_routes_migration.TestAdminRoutes" name="test_admin_gallery_authenticated" time="0.485" /><testcase classname="backend.tests.test_ambassador_admin_routes_migration.TestExistingRoutesStillWork" name="test_journeys_still_work" time="0.461" /><testcase classname="backend.tests.test_ambassador_admin_routes_migration.TestExistingRoutesStillWork" name="test_contributions_config_still_works" time="0.449" /><testcase classname="backend.tests.test_ambassador_admin_routes_migration.TestExistingRoutesStillWork" name="test_auth_login_still_works" time="0.761" /><testcase classname="backend.tests.test_ambassador_admin_routes_migration.TestExistingRoutesStillWork" name="test_homepage_main_journey_still_works" time="0.463" /><testcase classname="backend.tests.test_ambassador_admin_routes_migration.TestAuditServiceIntegration" name="test_audit_log_created_on_settings_update" time="0.721" /></testsuite></testsuites>