<?xml version="1.0" encoding="utf-8"?><testsuites name="pytest tests"><testsuite name="pytest" errors="0" failures="0" skipped="0" tests="13" time="4.460" timestamp="2026-03-16T19:52:43.332303+00:00" hostname="agent-env-cd84350a-3868-43dc-94f5-cc27d5205d4d"><testcase classname="backend.tests.test_autosave_features.TestAdminLogin" name="test_admin_login_returns_is_admin_true" time="0.476" /><testcase classname="backend.tests.test_autosave_features.TestAdminLogin" name="test_regular_user_login" time="0.349" /><testcase classname="backend.tests.test_autosave_features.TestEmailPreviewEndpoints" name="test_weekly_summary_preview_requires_auth" time="0.123" /><testcase classname="backend.tests.test_autosave_features.TestEmailPreviewEndpoints" name="test_weekly_summary_preview_returns_correct_structure" time="0.506" /><testcase classname="backend.tests.test_autosave_features.TestEmailPreviewEndpoints" name="test_new_journey_preview_requires_auth" time="0.123" /><testcase classname="backend.tests.test_autosave_features.TestEmailPreviewEndpoints" name="test_new_journey_preview_returns_correct_structure" time="0.481" /><testcase classname="backend.tests.test_autosave_features.TestEmailPreviewEndpoints" name="test_new_journey_preview_invalid_journey_returns_404" time="0.469" /><testcase classname="backend.tests.test_autosave_features.TestEmailPreviewEndpoints" name="test_dream_funded_preview_returns_correct_structure" time="0.466" /><testcase classname="backend.tests.test_autosave_features.TestFrontendUrlConfiguration" name="test_frontend_url_not_hardcoded" time="0.000" /><testcase classname="backend.tests.test_autosave_features.TestJourneyAPI" name="test_get_journeys_list" time="0.142" /><testcase classname="backend.tests.test_autosave_features.TestJourneyAPI" name="test_get_single_journey" time="0.127" /><testcase classname="backend.tests.test_autosave_features.TestJourneyAPI" name="test_admin_journeys_list" time="0.517" /><testcase classname="backend.tests.test_autosave_features.TestJourneyAPI" name="test_update_journey" time="0.612" /></testsuite></testsuites>