<?xml version="1.0" encoding="utf-8"?><testsuites name="pytest tests"><testsuite name="pytest" errors="0" failures="0" skipped="0" tests="13" time="7.095" timestamp="2026-03-09T15:59:43.433246+00:00" hostname="agent-env-ee82aeb7-11cc-4fee-8e83-292b1d72faf1"><testcase classname="backend.tests.test_chapter_emails.TestResendConfiguration" name="test_admin_test_email_endpoint_exists" time="0.631" /><testcase classname="backend.tests.test_chapter_emails.TestResendConfiguration" name="test_admin_test_email_sends_successfully" time="0.775" /><testcase classname="backend.tests.test_chapter_emails.TestJourneyChaptersEmailsSentField" name="test_homepage_main_journey_includes_chapters_emails_sent" time="0.484" /><testcase classname="backend.tests.test_chapter_emails.TestJourneyChaptersEmailsSentField" name="test_journey_detail_includes_chapters_emails_sent" time="0.440" /><testcase classname="backend.tests.test_chapter_emails.TestChapterEmailEndpoints" name="test_test_chapter_email_requires_auth" time="0.525" /><testcase classname="backend.tests.test_chapter_emails.TestChapterEmailEndpoints" name="test_test_chapter_email_chapter_2_sends" time="0.674" /><testcase classname="backend.tests.test_chapter_emails.TestChapterEmailEndpoints" name="test_test_chapter_email_chapter_5_sends" time="0.656" /><testcase classname="backend.tests.test_chapter_emails.TestChapterEmailEndpoints" name="test_test_chapter_email_invalid_chapter" time="0.465" /><testcase classname="backend.tests.test_chapter_emails.TestChapterEmailEndpoints" name="test_test_chapter_email_invalid_journey" time="0.502" /><testcase classname="backend.tests.test_chapter_emails.TestChapterDetectionLogic" name="test_china_journey_current_chapter_is_correct" time="0.435" /><testcase classname="backend.tests.test_chapter_emails.TestDuplicateEmailPrevention" name="test_chapters_emails_sent_structure" time="0.462" /><testcase classname="backend.tests.test_chapter_emails.TestDuplicateEmailPrevention" name="test_journey_model_has_story_emails_enabled" time="0.489" /><testcase classname="backend.tests.test_chapter_emails.TestAdminValidateContributionTriggersChapterCheck" name="test_admin_validate_endpoint_exists" time="0.491" /></testsuite></testsuites>