<?xml version="1.0" encoding="utf-8"?><testsuites name="pytest tests"><testsuite name="pytest" errors="0" failures="0" skipped="0" tests="7" time="3.059" timestamp="2026-03-06T18:18:18.735710+00:00" hostname="agent-env-ee82aeb7-11cc-4fee-8e83-292b1d72faf1"><testcase classname="backend.tests.test_contribution_descriptions.TestContributionDescriptions" name="test_homepage_main_journey_returns_contribution_descriptions" time="0.463" /><testcase classname="backend.tests.test_contribution_descriptions.TestContributionDescriptions" name="test_journey_detail_returns_contribution_descriptions" time="0.453" /><testcase classname="backend.tests.test_contribution_descriptions.TestContributionDescriptions" name="test_journey_without_descriptions_returns_null" time="0.515" /><testcase classname="backend.tests.test_contribution_descriptions.TestContributionDescriptions" name="test_admin_can_read_contribution_descriptions" time="0.397" /><testcase classname="backend.tests.test_contribution_descriptions.TestContributionDescriptions" name="test_admin_can_update_contribution_descriptions" time="0.594" /><testcase classname="backend.tests.test_contribution_descriptions.TestContributionDescriptions" name="test_contribution_descriptions_with_empty_values" time="0.464" /><testcase classname="backend.tests.test_contribution_descriptions.TestJourneyModel" name="test_journey_model_field_exists" time="0.111" /></testsuite></testsuites>