<?xml version="1.0" encoding="utf-8"?><testsuites name="pytest tests"><testsuite name="pytest" errors="0" failures="0" skipped="0" tests="7" time="139.327" timestamp="2026-03-20T14:47:59.669953+00:00" hostname="agent-env-b3674f6f-cf4c-4a73-ae32-a94e652d56fc"><testcase classname="backend.tests.test_cta_injection_iter47.TestCTAInjection" name="test_travel_plan_generates_with_cta_markers" time="42.954" /><testcase classname="backend.tests.test_cta_injection_iter47.TestCTAInjection" name="test_travel_plan_cta_types_valid" time="36.501" /><testcase classname="backend.tests.test_cta_injection_iter47.TestCTAInjection" name="test_refine_plan_also_includes_cta_markers" time="56.425" /><testcase classname="backend.tests.test_cta_injection_iter47.TestCTAInjection" name="test_affiliate_links_endpoint" time="1.316" /><testcase classname="backend.tests.test_cta_injection_iter47.TestCTAInjection" name="test_affiliate_click_tracking" time="1.791" /><testcase classname="backend.tests.test_cta_injection_iter47.TestHomeRedirect" name="test_planner_accepts_destination_param" time="0.122" /><testcase classname="backend.tests.test_cta_injection_iter47.TestHomeRedirect" name="test_backend_health" time="0.156" /></testsuite></testsuites>