<?xml version="1.0" encoding="utf-8"?><testsuites name="pytest tests"><testsuite name="pytest" errors="0" failures="0" skipped="0" tests="9" time="1.409" timestamp="2026-03-20T15:48:15.910233+00:00" hostname="agent-env-b3674f6f-cf4c-4a73-ae32-a94e652d56fc"><testcase classname="backend.tests.test_cta_fixed_iter48.TestAffiliateLinksEndpoint" name="test_affiliate_links_returns_all_platforms" time="0.177" /><testcase classname="backend.tests.test_cta_fixed_iter48.TestAffiliateLinksEndpoint" name="test_insurance_affiliate_is_iati" time="0.174" /><testcase classname="backend.tests.test_cta_fixed_iter48.TestAffiliateClickTracking" name="test_track_booking_click" time="0.210" /><testcase classname="backend.tests.test_cta_fixed_iter48.TestAffiliateClickTracking" name="test_track_skyscanner_click" time="0.128" /><testcase classname="backend.tests.test_cta_fixed_iter48.TestAffiliateClickTracking" name="test_track_getyourguide_click" time="0.118" /><testcase classname="backend.tests.test_cta_fixed_iter48.TestAffiliateClickTracking" name="test_track_airalo_click" time="0.162" /><testcase classname="backend.tests.test_cta_fixed_iter48.TestAffiliateClickTracking" name="test_track_insurance_click" time="0.127" /><testcase classname="backend.tests.test_cta_fixed_iter48.TestTravelPlannerRoute" name="test_travel_planner_page_accessible" time="0.129" /><testcase classname="backend.tests.test_cta_fixed_iter48.TestTravelPlannerRoute" name="test_travel_planner_with_destination_param" time="0.123" /></testsuite></testsuites>