<?xml version="1.0" encoding="utf-8"?><testsuites name="pytest tests"><testsuite name="pytest" errors="0" failures="0" skipped="0" tests="7" time="3.812" timestamp="2026-03-16T18:01:10.118648+00:00" hostname="agent-env-b45b1ad7-a600-40a0-bc19-5b984d018450"><testcase classname="backend.tests.test_email_preview_endpoints.TestEmailPreviewEndpoints" name="test_preview_weekly_summary" time="0.607" /><testcase classname="backend.tests.test_email_preview_endpoints.TestEmailPreviewEndpoints" name="test_preview_weekly_summary_requires_auth" time="0.571" /><testcase classname="backend.tests.test_email_preview_endpoints.TestEmailPreviewEndpoints" name="test_preview_new_journey" time="0.534" /><testcase classname="backend.tests.test_email_preview_endpoints.TestEmailPreviewEndpoints" name="test_preview_new_journey_invalid_id" time="0.464" /><testcase classname="backend.tests.test_email_preview_endpoints.TestEmailPreviewEndpoints" name="test_preview_dream_funded" time="0.531" /><testcase classname="backend.tests.test_email_preview_endpoints.TestEmailPreviewEndpoints" name="test_preview_dream_funded_invalid_id" time="0.453" /><testcase classname="backend.tests.test_email_preview_endpoints.TestEmailPreviewEndpoints" name="test_preview_vs_send_endpoints_separate" time="0.586" /></testsuite></testsuites>