<?xml version="1.0" encoding="utf-8"?><testsuites name="pytest tests"><testsuite name="pytest" errors="0" failures="0" skipped="0" tests="14" time="33.311" timestamp="2026-03-25T20:58:59.158425+00:00" hostname="agent-env-15fa1322-fa0e-4014-bd1e-9982079a9c74"><testcase classname="backend.tests.test_exploration_mode_iter68.TestExplorationModeBackend" name="test_improve_location_what_to_see" time="8.073" /><testcase classname="backend.tests.test_exploration_mode_iter68.TestExplorationModeBackend" name="test_improve_location_where_to_eat" time="5.094" /><testcase classname="backend.tests.test_exploration_mode_iter68.TestExplorationModeBackend" name="test_improve_location_how_to_next" time="5.739" /><testcase classname="backend.tests.test_exploration_mode_iter68.TestExplorationModeBackend" name="test_improve_location_less_queues" time="5.366" /><testcase classname="backend.tests.test_exploration_mode_iter68.TestExplorationModeBackend" name="test_improve_location_cheaper" time="4.726" /><testcase classname="backend.tests.test_exploration_mode_iter68.TestExplorationModeBackend" name="test_improve_location_best_time" time="4.073" /><testcase classname="backend.tests.test_exploration_mode_iter68.TestExplorationModeBackend" name="test_improve_location_requires_auth" time="0.164" /><testcase classname="backend.tests.test_exploration_mode_iter68.TestSmartMapCodeReview" name="test_smartmap_has_explore_buttons_testids" time="0.000" /><testcase classname="backend.tests.test_exploration_mode_iter68.TestSmartMapCodeReview" name="test_smartmap_has_optimize_buttons_testids" time="0.000" /><testcase classname="backend.tests.test_exploration_mode_iter68.TestSmartMapCodeReview" name="test_smartmap_has_explorar_section" time="0.000" /><testcase classname="backend.tests.test_exploration_mode_iter68.TestSmartMapCodeReview" name="test_smartmap_has_otimizar_section" time="0.000" /><testcase classname="backend.tests.test_exploration_mode_iter68.TestSmartMapCodeReview" name="test_smartmap_button_labels_portuguese" time="0.000" /><testcase classname="backend.tests.test_exploration_mode_iter68.TestSmartMapCodeReview" name="test_smartmap_has_special_pins_sidebar" time="0.000" /><testcase classname="backend.tests.test_exploration_mode_iter68.TestBackendTypeLabels" name="test_server_has_exploration_types" time="0.002" /></testsuite></testsuites>