<?xml version="1.0" encoding="utf-8"?><testsuites name="pytest tests"><testsuite name="pytest" errors="0" failures="0" skipped="0" tests="17" time="4.351" timestamp="2026-02-25T18:12:28.221781+00:00" hostname="agent-env-68819c86-b978-4d2f-8086-abe27a5f8764"><testcase classname="backend.tests.test_homepage_apis.TestHomepageMainJourney" name="test_main_journey_returns_valid_response" time="0.336" /><testcase classname="backend.tests.test_homepage_apis.TestHomepageMainJourney" name="test_main_journey_when_no_active_journey" time="0.153" /><testcase classname="backend.tests.test_homepage_apis.TestHomepageMainJourney" name="test_main_journey_hides_sensitive_fields" time="0.208" /><testcase classname="backend.tests.test_homepage_apis.TestHomepageAmbassadorJourneys" name="test_ambassador_journeys_returns_valid_response" time="0.120" /><testcase classname="backend.tests.test_homepage_apis.TestHomepageAmbassadorJourneys" name="test_ambassador_journeys_empty_state" time="0.170" /><testcase classname="backend.tests.test_homepage_apis.TestHomepageAmbassadorJourneys" name="test_ambassador_journeys_region_structure" time="0.278" /><testcase classname="backend.tests.test_homepage_apis.TestHomepageCuratedDreams" name="test_curated_dreams_returns_valid_response" time="0.138" /><testcase classname="backend.tests.test_homepage_apis.TestHomepageCuratedDreams" name="test_curated_dreams_content" time="0.120" /><testcase classname="backend.tests.test_homepage_apis.TestHomepageRealizedJourneys" name="test_realized_journeys_returns_valid_response" time="0.139" /><testcase classname="backend.tests.test_homepage_apis.TestHomepageRealizedJourneys" name="test_realized_journeys_country_structure" time="0.126" /><testcase classname="backend.tests.test_homepage_apis.TestHomepageIntegration" name="test_homepage_all_endpoints_accessible" time="0.548" /><testcase classname="backend.tests.test_homepage_apis.TestHomepageIntegration" name="test_curated_replaces_realized" time="0.285" /><testcase classname="backend.tests.test_homepage_apis.TestJourneyLifecycle" name="test_journey_status_values" time="0.499" /><testcase classname="backend.tests.test_homepage_apis.TestJourneyLifecycle" name="test_funded_journey_status_change_logic" time="0.615" /><testcase classname="backend.tests.test_homepage_apis.TestTravelPlannerAPI" name="test_travel_resources_by_destination" time="0.214" /><testcase classname="backend.tests.test_homepage_apis.TestTravelPlannerAPI" name="test_travel_resources_special_characters" time="0.137" /><testcase classname="backend.tests.test_homepage_apis.TestDreamersStats" name="test_dreamers_stats_returns_valid_response" time="0.137" /></testsuite></testsuites>