<?xml version="1.0" encoding="utf-8"?><testsuites name="pytest tests"><testsuite name="pytest" errors="0" failures="0" skipped="0" tests="7" time="2.309" timestamp="2026-03-06T16:41:53.707258+00:00" hostname="agent-env-211eecae-89d9-4b4f-bfd6-81723e2db32c"><testcase classname="backend.tests.test_invite_onboarding.TestInviteEndpoint" name="test_invite_with_valid_alias" time="0.824" /><testcase classname="backend.tests.test_invite_onboarding.TestInviteEndpoint" name="test_invite_with_invalid_alias" time="0.129" /><testcase classname="backend.tests.test_invite_onboarding.TestInviteEndpoint" name="test_invite_returns_main_journey" time="0.613" /><testcase classname="backend.tests.test_invite_onboarding.TestMainJourneyEndpoint" name="test_main_journey_returns_data" time="0.115" /><testcase classname="backend.tests.test_invite_onboarding.TestMainJourneyEndpoint" name="test_main_journey_progress_has_percentage" time="0.115" /><testcase classname="backend.tests.test_invite_onboarding.TestMainJourneyEndpoint" name="test_main_journey_has_image" time="0.138" /><testcase classname="backend.tests.test_invite_onboarding.TestRegistrationFlow" name="test_register_new_user" time="0.327" /></testsuite></testsuites>