<?xml version="1.0" encoding="utf-8"?><testsuites name="pytest tests"><testsuite name="pytest" errors="0" failures="0" skipped="0" tests="7" time="1.785" timestamp="2026-03-24T20:17:08.621834+00:00" hostname="agent-env-30fd8ae2-1f02-444c-9b20-6851c5fcb84e"><testcase classname="backend.tests.test_iter61_geo_payment_prioritization.TestGeoPaymentPrioritization" name="test_paypal_config_returns_client_id" time="0.247" /><testcase classname="backend.tests.test_iter61_geo_payment_prioritization.TestGeoPaymentPrioritization" name="test_contributions_create_accepts_mbway" time="0.297" /><testcase classname="backend.tests.test_iter61_geo_payment_prioritization.TestGeoPaymentPrioritization" name="test_contributions_create_accepts_crypto" time="0.289" /><testcase classname="backend.tests.test_iter61_geo_payment_prioritization.TestGeoPaymentPrioritization" name="test_contributions_create_rejects_revolut" time="0.364" /><testcase classname="backend.tests.test_iter61_geo_payment_prioritization.TestGeoPaymentPrioritization" name="test_contributions_create_rejects_wise" time="0.231" /><testcase classname="backend.tests.test_iter61_geo_payment_prioritization.TestGeoPaymentPrioritization" name="test_contributions_config_returns_valid_methods" time="0.143" /><testcase classname="backend.tests.test_iter61_geo_payment_prioritization.TestGeoPaymentPrioritization" name="test_payment_info_returns_mbway_phone" time="0.153" /></testsuite></testsuites>