<?xml version="1.0" encoding="utf-8"?><testsuites name="pytest tests"><testsuite name="pytest" errors="0" failures="0" skipped="0" tests="11" time="1.780" timestamp="2026-03-20T20:01:57.251766+00:00" hostname="agent-env-30fd8ae2-1f02-444c-9b20-6851c5fcb84e"><testcase classname="backend.tests.test_iter57_hero_mobile_seo.TestAffiliateLinks" name="test_get_affiliate_links_returns_placeholders" time="0.289" /><testcase classname="backend.tests.test_iter57_hero_mobile_seo.TestAffiliateLinks" name="test_affiliate_click_tracking_works" time="0.190" /><testcase classname="backend.tests.test_iter57_hero_mobile_seo.TestAffiliateLinks" name="test_affiliate_click_invalid_platform" time="0.161" /><testcase classname="backend.tests.test_iter57_hero_mobile_seo.TestSEOEndpoints" name="test_sitemap_xml_returns_valid_xml" time="0.153" /><testcase classname="backend.tests.test_iter57_hero_mobile_seo.TestSEOEndpoints" name="test_sitemap_includes_static_pages" time="0.194" /><testcase classname="backend.tests.test_iter57_hero_mobile_seo.TestSEOEndpoints" name="test_plan_slug_returns_404_for_nonexistent" time="0.100" /><testcase classname="backend.tests.test_iter57_hero_mobile_seo.TestCuratedDreams" name="test_curated_dreams_returns_images" time="0.153" /><testcase classname="backend.tests.test_iter57_hero_mobile_seo.TestHomepageEndpoints" name="test_main_journey_endpoint" time="0.119" /><testcase classname="backend.tests.test_iter57_hero_mobile_seo.TestHomepageEndpoints" name="test_ambassador_journeys_endpoint" time="0.114" /><testcase classname="backend.tests.test_iter57_hero_mobile_seo.TestHomepageEndpoints" name="test_realized_journeys_endpoint" time="0.100" /><testcase classname="backend.tests.test_iter57_hero_mobile_seo.TestHomepageEndpoints" name="test_platform_stats_endpoint" time="0.142" /></testsuite></testsuites>