<?xml version="1.0" encoding="utf-8"?><testsuites name="pytest tests"><testsuite name="pytest" errors="0" failures="0" skipped="0" tests="13" time="5.151" timestamp="2026-03-24T21:03:46.620166+00:00" hostname="agent-env-9357009b-9c46-44f0-8942-b0e9598aa241"><testcase classname="backend.tests.test_iter62_mbway_payouts.TestMBWayPaymentFlow" name="test_create_contribution_mbway_method" time="0.222" /><testcase classname="backend.tests.test_iter62_mbway_payouts.TestMBWayPaymentFlow" name="test_create_contribution_mbway_all_amounts" time="0.953" /><testcase classname="backend.tests.test_iter62_mbway_payouts.TestMBWayPaymentFlow" name="test_create_contribution_mbway_invalid_amount" time="0.109" /><testcase classname="backend.tests.test_iter62_mbway_payouts.TestMBWayPaymentFlow" name="test_create_contribution_invalid_method_rejected" time="0.488" /><testcase classname="backend.tests.test_iter62_mbway_payouts.TestMBWayPaymentFlow" name="test_payment_info_endpoint" time="0.125" /><testcase classname="backend.tests.test_iter62_mbway_payouts.TestPayoutsAdminEndpoints" name="test_get_payouts_list" time="0.449" /><testcase classname="backend.tests.test_iter62_mbway_payouts.TestPayoutsAdminEndpoints" name="test_get_payouts_with_status_filter" time="0.652" /><testcase classname="backend.tests.test_iter62_mbway_payouts.TestPayoutsAdminEndpoints" name="test_get_payouts_requires_admin" time="0.126" /><testcase classname="backend.tests.test_iter62_mbway_payouts.TestPayoutsAdminEndpoints" name="test_update_payout_status_invalid_payout" time="0.459" /><testcase classname="backend.tests.test_iter62_mbway_payouts.TestPayoutsAdminEndpoints" name="test_update_payout_status_invalid_status" time="0.473" /><testcase classname="backend.tests.test_iter62_mbway_payouts.TestPayoutAutoCreation" name="test_ambassador_journey_exists" time="0.435" /><testcase classname="backend.tests.test_iter62_mbway_payouts.TestPayoutAutoCreation" name="test_check_existing_payouts" time="0.493" /><testcase classname="backend.tests.test_iter62_mbway_payouts.TestContributionConfig" name="test_contribution_config_includes_mbway" time="0.094" /></testsuite></testsuites>