<?xml version="1.0" encoding="utf-8"?><testsuites name="pytest tests"><testsuite name="pytest" errors="0" failures="0" skipped="0" tests="6" time="0.971" timestamp="2026-03-21T00:27:00.797427+00:00" hostname="agent-env-30fd8ae2-1f02-444c-9b20-6851c5fcb84e"><testcase classname="backend.tests.test_iter58_gyg_smart_links.TestGYGBackendAPI" name="test_affiliate_links_returns_gyg_url" time="0.228" /><testcase classname="backend.tests.test_iter58_gyg_smart_links.TestGYGBackendAPI" name="test_affiliate_click_tracking_getyourguide" time="0.163" /><testcase classname="backend.tests.test_iter58_gyg_smart_links.TestGYGBackendAPI" name="test_affiliate_click_invalid_platform" time="0.155" /><testcase classname="backend.tests.test_iter58_gyg_smart_links.TestGYGBackendAPI" name="test_affiliate_links_structure" time="0.146" /><testcase classname="backend.tests.test_iter58_gyg_smart_links.TestGYGFrontendIntegration" name="test_index_html_gyg_script" time="0.112" /><testcase classname="backend.tests.test_iter58_gyg_smart_links.TestGYGFrontendIntegration" name="test_travel_planner_page_loads" time="0.104" /></testsuite></testsuites>