<?xml version="1.0" encoding="utf-8"?><testsuites name="pytest tests"><testsuite name="pytest" errors="0" failures="0" skipped="4" tests="9" time="1.457" timestamp="2026-03-26T15:35:09.016623+00:00" hostname="agent-env-15fa1322-fa0e-4014-bd1e-9982079a9c74"><testcase classname="backend.tests.test_iteration86_conversion_monetization.TestMainJourneyEndpoint" name="test_main_journey_returns_journey_data" time="0.206" /><testcase classname="backend.tests.test_iteration86_conversion_monetization.TestMainJourneyEndpoint" name="test_main_journey_progress_percentage_valid" time="0.180" /><testcase classname="backend.tests.test_iteration86_conversion_monetization.TestAffiliateLinks" name="test_affiliate_links_endpoint" time="0.161" /><testcase classname="backend.tests.test_iteration86_conversion_monetization.TestAffiliateLinks" name="test_gyg_partner_id_correct" time="0.118" /><testcase classname="backend.tests.test_iteration86_conversion_monetization.TestTravelPlanGeneration" name="test_roma_plan_generation_template" time="0.109"><skipped type="pytest.skip" message="Rate limited - skipping plan generation test">/app/backend/tests/test_iteration86_conversion_monetization.py:101: Rate limited - skipping plan generation test</skipped></testcase><testcase classname="backend.tests.test_iteration86_conversion_monetization.TestTravelPlanGeneration" name="test_plan_contains_must_see" time="0.100"><skipped type="pytest.skip" message="Rate limited - skipping must_see test">/app/backend/tests/test_iteration86_conversion_monetization.py:127: Rate limited - skipping must_see test</skipped></testcase><testcase classname="backend.tests.test_iteration86_conversion_monetization.TestTravelPlanGeneration" name="test_plan_contains_stay_zones" time="0.155"><skipped type="pytest.skip" message="Rate limited - skipping stay_zones test">/app/backend/tests/test_iteration86_conversion_monetization.py:154: Rate limited - skipping stay_zones test</skipped></testcase><testcase classname="backend.tests.test_iteration86_conversion_monetization.TestJourneyContributeLink" name="test_journey_detail_page_accessible" time="0.253" /><testcase classname="backend.tests.test_iteration86_conversion_monetization.TestInlineActivityCTAs" name="test_itinerary_has_activities" time="0.111"><skipped type="pytest.skip" message="Rate limited">/app/backend/tests/test_iteration86_conversion_monetization.py:206: Rate limited</skipped></testcase></testsuite></testsuites>