<?xml version="1.0" encoding="utf-8"?><testsuites name="pytest tests"><testsuite name="pytest" errors="0" failures="1" skipped="0" tests="7" time="1.390" timestamp="2026-03-26T16:07:10.553193+00:00" hostname="agent-env-15fa1322-fa0e-4014-bd1e-9982079a9c74"><testcase classname="backend.tests.test_iteration87_social_proof_conversion.TestMainJourneyContributions" name="test_main_journey_returns_contributions_array" time="0.255" /><testcase classname="backend.tests.test_iteration87_social_proof_conversion.TestMainJourneyContributions" name="test_main_journey_returns_contributor_count" time="0.196" /><testcase classname="backend.tests.test_iteration87_social_proof_conversion.TestMainJourneyContributions" name="test_main_journey_returns_progress" time="0.302" /><testcase classname="backend.tests.test_iteration87_social_proof_conversion.TestAffiliateLinks" name="test_affiliate_links_returns_gyg" time="0.170" /><testcase classname="backend.tests.test_iteration87_social_proof_conversion.TestAffiliateLinks" name="test_affiliate_links_returns_booking" time="0.111" /><testcase classname="backend.tests.test_iteration87_social_proof_conversion.TestJourneyDetail" name="test_journey_china_exists" time="0.143" /><testcase classname="backend.tests.test_iteration87_social_proof_conversion.TestHealthCheck" name="test_api_health" time="0.133"><failure message="assert 404 == 200&#10; +  where 404 = &lt;Response [404]&gt;.status_code">backend/tests/test_iteration87_social_proof_conversion.py:106: in test_api_health
    assert response.status_code == 200
E   assert 404 == 200
E    +  where 404 = &lt;Response [404]&gt;.status_code</failure></testcase></testsuite></testsuites>