<?xml version="1.0" encoding="utf-8"?><testsuites name="pytest tests"><testsuite name="pytest" errors="0" failures="0" skipped="0" tests="9" time="1.571" timestamp="2026-03-24T17:47:23.041445+00:00" hostname="agent-env-30fd8ae2-1f02-444c-9b20-6851c5fcb84e"><testcase classname="backend.tests.test_iter59_funding_celebration.TestFundingCelebrationBackend" name="test_journey_progress_returns_funding_status_fields" time="0.146" /><testcase classname="backend.tests.test_iter59_funding_celebration.TestFundingCelebrationBackend" name="test_approve_funding_requires_admin_auth" time="0.105" /><testcase classname="backend.tests.test_iter59_funding_celebration.TestFundingCelebrationBackend" name="test_approve_funding_returns_400_if_not_pending_validation" time="0.447" /><testcase classname="backend.tests.test_iter59_funding_celebration.TestFundingCelebrationBackend" name="test_approve_funding_returns_404_for_invalid_journey" time="0.109" /><testcase classname="backend.tests.test_iter59_funding_celebration.TestFundingCelebrationBackend" name="test_journey_progress_for_ambassador_journey" time="0.221" /><testcase classname="backend.tests.test_iter59_funding_celebration.TestFundingCelebrationBackend" name="test_main_journey_has_is_main_trip_true" time="0.106" /><testcase classname="backend.tests.test_iter59_funding_celebration.TestFundingCelebrationBackend" name="test_admin_journeys_list_includes_funding_status" time="0.123" /><testcase classname="backend.tests.test_iter59_funding_celebration.TestFundingStatusLogic" name="test_journey_detail_includes_funding_status" time="0.101" /><testcase classname="backend.tests.test_iter59_funding_celebration.TestFundingStatusLogic" name="test_progress_percentage_calculation" time="0.162" /></testsuite></testsuites>