<?xml version="1.0" encoding="utf-8"?><testsuites name="pytest tests"><testsuite name="pytest" errors="0" failures="2" skipped="0" tests="9" time="11.115" timestamp="2026-03-26T15:06:15.590537+00:00" hostname="agent-env-15fa1322-fa0e-4014-bd1e-9982079a9c74"><testcase classname="backend.tests.test_iteration85_bug_fixes.TestItineraryActivitiesPerDay" name="test_istanbul_9_days_activities_per_day" time="0.266" /><testcase classname="backend.tests.test_iteration85_bug_fixes.TestItineraryActivitiesPerDay" name="test_paris_5_days_activities_per_day" time="0.138" /><testcase classname="backend.tests.test_iteration85_bug_fixes.TestItineraryActivitiesPerDay" name="test_berlin_7_days_uses_day_trips" time="0.106" /><testcase classname="backend.tests.test_iteration85_bug_fixes.TestGeocodingParentheticalNames" name="test_geocode_istanbul_plan_success" time="4.927" /><testcase classname="backend.tests.test_iteration85_bug_fixes.TestGeocodingParentheticalNames" name="test_geocode_extracts_parenthetical_names" time="0.955" /><testcase classname="backend.tests.test_iteration85_bug_fixes.TestMapPopupShowsActivityName" name="test_geocode_returns_day_title" time="2.664" /><testcase classname="backend.tests.test_iteration85_bug_fixes.TestExistingDestinationsStillWork" name="test_paris_has_stay_zones_and_must_see" time="0.107"><failure message="assert 429 == 200&#10; +  where 429 = &lt;Response [429]&gt;.status_code">backend/tests/test_iteration85_bug_fixes.py:263: in test_paris_has_stay_zones_and_must_see
    assert response.status_code == 200
E   assert 429 == 200
E    +  where 429 = &lt;Response [429]&gt;.status_code</failure></testcase><testcase classname="backend.tests.test_iteration85_bug_fixes.TestExistingDestinationsStillWork" name="test_roma_has_stay_zones_and_must_see" time="0.128"><failure message="assert 429 == 200&#10; +  where 429 = &lt;Response [429]&gt;.status_code">backend/tests/test_iteration85_bug_fixes.py:286: in test_roma_has_stay_zones_and_must_see
    assert response.status_code == 200
E   assert 429 == 200
E    +  where 429 = &lt;Response [429]&gt;.status_code</failure></testcase><testcase classname="backend.tests.test_iteration85_bug_fixes.TestDayTripsFieldPresent" name="test_all_destinations_have_day_trips" time="1.748" /></testsuite></testsuites>