<?xml version="1.0" encoding="utf-8"?><testsuites name="pytest tests"><testsuite name="pytest" errors="0" failures="0" skipped="0" tests="21" time="2.715" timestamp="2026-03-26T11:27:24.773863+00:00" hostname="agent-env-15fa1322-fa0e-4014-bd1e-9982079a9c74"><testcase classname="backend.tests.test_iteration79_affiliate_links.TestAffiliateLinksBackend" name="test_get_affiliate_links_returns_all_9_links" time="0.278" /><testcase classname="backend.tests.test_iteration79_affiliate_links.TestAffiliateLinksBackend" name="test_no_placeholder_urls" time="0.123" /><testcase classname="backend.tests.test_iteration79_affiliate_links.TestAffiliateLinksBackend" name="test_skyscanner_url_correct" time="0.133" /><testcase classname="backend.tests.test_iteration79_affiliate_links.TestAffiliateLinksBackend" name="test_booking_url_correct" time="0.098" /><testcase classname="backend.tests.test_iteration79_affiliate_links.TestAffiliateLinksBackend" name="test_hotels_url_correct" time="0.136" /><testcase classname="backend.tests.test_iteration79_affiliate_links.TestAffiliateLinksBackend" name="test_getyourguide_url_correct" time="0.108" /><testcase classname="backend.tests.test_iteration79_affiliate_links.TestAffiliateLinksBackend" name="test_cars_url_correct" time="0.139" /><testcase classname="backend.tests.test_iteration79_affiliate_links.TestAffiliateLinksBackend" name="test_airalo_url_correct" time="0.105" /><testcase classname="backend.tests.test_iteration79_affiliate_links.TestAffiliateLinksBackend" name="test_holafly_url_correct" time="0.159" /><testcase classname="backend.tests.test_iteration79_affiliate_links.TestAffiliateLinksBackend" name="test_insurance_url_correct" time="0.139" /><testcase classname="backend.tests.test_iteration79_affiliate_links.TestAffiliateLinksBackend" name="test_googlemaps_url_correct" time="0.124" /><testcase classname="backend.tests.test_iteration79_affiliate_links.TestAffiliateClickTracking" name="test_click_tracking_works[skyscanner]" time="0.102" /><testcase classname="backend.tests.test_iteration79_affiliate_links.TestAffiliateClickTracking" name="test_click_tracking_works[booking]" time="0.117" /><testcase classname="backend.tests.test_iteration79_affiliate_links.TestAffiliateClickTracking" name="test_click_tracking_works[hotels]" time="0.109" /><testcase classname="backend.tests.test_iteration79_affiliate_links.TestAffiliateClickTracking" name="test_click_tracking_works[getyourguide]" time="0.104" /><testcase classname="backend.tests.test_iteration79_affiliate_links.TestAffiliateClickTracking" name="test_click_tracking_works[cars]" time="0.103" /><testcase classname="backend.tests.test_iteration79_affiliate_links.TestAffiliateClickTracking" name="test_click_tracking_works[airalo]" time="0.115" /><testcase classname="backend.tests.test_iteration79_affiliate_links.TestAffiliateClickTracking" name="test_click_tracking_works[holafly]" time="0.096" /><testcase classname="backend.tests.test_iteration79_affiliate_links.TestAffiliateClickTracking" name="test_click_tracking_works[insurance]" time="0.132" /><testcase classname="backend.tests.test_iteration79_affiliate_links.TestAffiliateClickTracking" name="test_click_tracking_works[googlemaps]" time="0.120" /><testcase classname="backend.tests.test_iteration79_affiliate_links.TestAffiliateClickTracking" name="test_invalid_platform_rejected" time="0.098" /></testsuite></testsuites>