<?xml version="1.0" encoding="utf-8"?><testsuites name="pytest tests"><testsuite name="pytest" errors="0" failures="0" skipped="0" tests="18" time="12.206" timestamp="2026-03-26T12:48:21.180753+00:00" hostname="agent-env-15fa1322-fa0e-4014-bd1e-9982079a9c74"><testcase classname="backend.tests.test_iteration81_hybrid_travel_plan.TestHybridTravelPlanArchitecture" name="test_paris_template_returns_correct_hotel_and_transport" time="0.638" /><testcase classname="backend.tests.test_iteration81_hybrid_travel_plan.TestHybridTravelPlanArchitecture" name="test_roma_template_returns_correct_hotel_and_transport" time="0.583" /><testcase classname="backend.tests.test_iteration81_hybrid_travel_plan.TestHybridTravelPlanArchitecture" name="test_barcelona_template_returns_complete_plan_structure" time="0.582" /><testcase classname="backend.tests.test_iteration81_hybrid_travel_plan.TestHybridTravelPlanArchitecture" name="test_london_alias_returns_londres_template" time="0.541" /><testcase classname="backend.tests.test_iteration81_hybrid_travel_plan.TestHybridTravelPlanArchitecture" name="test_tokyo_alias_returns_toquio_template" time="0.575" /><testcase classname="backend.tests.test_iteration81_hybrid_travel_plan.TestHybridTravelPlanArchitecture" name="test_new_york_alias_returns_nova_iorque_template" time="0.567" /><testcase classname="backend.tests.test_iteration81_hybrid_travel_plan.TestHybridTravelPlanArchitecture" name="test_amsterdam_alias_returns_amesterdao_template" time="0.534" /><testcase classname="backend.tests.test_iteration81_hybrid_travel_plan.TestHybridTravelPlanArchitecture" name="test_lisboa_template_returns_correct_plan" time="0.546" /><testcase classname="backend.tests.test_iteration81_hybrid_travel_plan.TestHybridTravelPlanArchitecture" name="test_porto_template_returns_correct_plan" time="0.572" /><testcase classname="backend.tests.test_iteration81_hybrid_travel_plan.TestHybridTravelPlanArchitecture" name="test_itinerary_has_correct_number_of_days" time="0.583" /><testcase classname="backend.tests.test_iteration81_hybrid_travel_plan.TestHybridTravelPlanArchitecture" name="test_weather_matches_season" time="0.553" /><testcase classname="backend.tests.test_iteration81_hybrid_travel_plan.TestHybridTravelPlanArchitecture" name="test_exact_cache_hit_returns_cached_true" time="0.657" /><testcase classname="backend.tests.test_iteration81_hybrid_travel_plan.TestHybridTravelPlanArchitecture" name="test_fuzzy_cache_adapts_dates_deterministically" time="0.680" /><testcase classname="backend.tests.test_iteration81_hybrid_travel_plan.TestRateLimiting" name="test_unauthenticated_rate_limit_is_3_per_hour" time="0.563" /><testcase classname="backend.tests.test_iteration81_hybrid_travel_plan.TestRateLimiting" name="test_admin_rate_limit_is_15_per_hour" time="2.289" /><testcase classname="backend.tests.test_iteration81_hybrid_travel_plan.TestPlanStructureValidation" name="test_plan_has_all_required_fields" time="0.561" /><testcase classname="backend.tests.test_iteration81_hybrid_travel_plan.TestPlanStructureValidation" name="test_hotel_info_structure" time="0.559" /><testcase classname="backend.tests.test_iteration81_hybrid_travel_plan.TestPlanStructureValidation" name="test_airport_to_hotel_structure" time="0.535" /></testsuite></testsuites>