<?xml version="1.0" encoding="utf-8"?><testsuites name="pytest tests"><testsuite name="pytest" errors="0" failures="0" skipped="0" tests="4" time="0.769" timestamp="2026-03-26T13:40:38.241105+00:00" hostname="agent-env-15fa1322-fa0e-4014-bd1e-9982079a9c74"><testcase classname="backend.tests.test_iteration83_airports_array.TestAirportsArrayFeature" name="test_paris_airports_and_hotel_suggestion" time="0.315" /><testcase classname="backend.tests.test_iteration83_airports_array.TestAirportsArrayFeature" name="test_london_returns_5_airports" time="0.133" /><testcase classname="backend.tests.test_iteration83_airports_array.TestAirportsArrayFeature" name="test_roma_returns_2_airports" time="0.131" /><testcase classname="backend.tests.test_iteration83_airports_array.TestNavigationHighlight" name="test_frontend_loads" time="0.129" /></testsuite></testsuites>