<?xml version="1.0" encoding="utf-8"?><testsuites name="pytest tests"><testsuite name="pytest" errors="0" failures="0" skipped="0" tests="12" time="2.659" timestamp="2026-03-26T18:22:04.514273+00:00" hostname="agent-env-15fa1322-fa0e-4014-bd1e-9982079a9c74"><testcase classname="backend.tests.test_iteration88_password_reset.TestForgotPassword" name="test_forgot_password_valid_email_returns_same_message" time="0.559" /><testcase classname="backend.tests.test_iteration88_password_reset.TestForgotPassword" name="test_forgot_password_invalid_email_returns_same_message" time="0.137" /><testcase classname="backend.tests.test_iteration88_password_reset.TestForgotPassword" name="test_forgot_password_empty_email_returns_message" time="0.115" /><testcase classname="backend.tests.test_iteration88_password_reset.TestResetPassword" name="test_reset_password_missing_token_returns_error" time="0.143" /><testcase classname="backend.tests.test_iteration88_password_reset.TestResetPassword" name="test_reset_password_invalid_token_returns_error" time="0.179" /><testcase classname="backend.tests.test_iteration88_password_reset.TestResetPassword" name="test_reset_password_short_password_returns_error" time="0.118" /><testcase classname="backend.tests.test_iteration88_password_reset.TestResetPassword" name="test_reset_password_missing_password_returns_error" time="0.107" /><testcase classname="backend.tests.test_iteration88_password_reset.TestLoginStillWorks" name="test_login_with_admin_credentials" time="0.397" /><testcase classname="backend.tests.test_iteration88_password_reset.TestLoginStillWorks" name="test_login_with_wrong_password_returns_401" time="0.346" /><testcase classname="backend.tests.test_iteration88_password_reset.TestLoginStillWorks" name="test_login_with_nonexistent_email_returns_401" time="0.102" /><testcase classname="backend.tests.test_iteration88_password_reset.TestPasswordResetTokenFlow" name="test_forgot_password_creates_token_for_valid_email" time="0.283" /><testcase classname="backend.tests.test_iteration88_password_reset.TestPasswordResetTokenFlow" name="test_used_token_cannot_be_reused" time="0.102" /></testsuite></testsuites>