<?xml version="1.0" encoding="utf-8"?><testsuites name="pytest tests"><testsuite name="pytest" errors="0" failures="0" skipped="0" tests="28" time="11.765" timestamp="2026-04-16T18:16:35.536013+00:00" hostname="agent-env-68993fab-763d-4665-b599-0704fd650a5d"><testcase classname="backend.tests.test_iteration95_e2e_prelaunch.TestAuthFlow" name="test_admin_login_success" time="0.391" /><testcase classname="backend.tests.test_iteration95_e2e_prelaunch.TestAuthFlow" name="test_protected_route_without_auth" time="0.132" /><testcase classname="backend.tests.test_iteration95_e2e_prelaunch.TestPaymentInfoConsistency" name="test_payment_info_returns_valid_data" time="0.112" /><testcase classname="backend.tests.test_iteration95_e2e_prelaunch.TestPaymentInfoConsistency" name="test_contribution_config_returns_valid_amounts" time="0.104" /><testcase classname="backend.tests.test_iteration95_e2e_prelaunch.TestPaymentInfoConsistency" name="test_paypal_config_returns_sandbox" time="0.112" /><testcase classname="backend.tests.test_iteration95_e2e_prelaunch.TestPaymentInfoConsistency" name="test_stripe_config_returns_key" time="0.141" /><testcase classname="backend.tests.test_iteration95_e2e_prelaunch.TestJourneyProgressConsistency" name="test_journey_progress_matches_homepage" time="0.274" /><testcase classname="backend.tests.test_iteration95_e2e_prelaunch.TestAdminDashboardConsistency" name="test_admin_stats_returns_valid_data" time="0.529" /><testcase classname="backend.tests.test_iteration95_e2e_prelaunch.TestAdminDashboardConsistency" name="test_admin_contributions_reports_returns_valid_data" time="0.448" /><testcase classname="backend.tests.test_iteration95_e2e_prelaunch.TestAdminDashboardConsistency" name="test_admin_users_dashboard_returns_valid_data" time="0.488" /><testcase classname="backend.tests.test_iteration95_e2e_prelaunch.TestAuditLogSystem" name="test_audit_logs_endpoint_works" time="0.483" /><testcase classname="backend.tests.test_iteration95_e2e_prelaunch.TestAuditLogSystem" name="test_audit_logs_filter_by_target_type" time="0.484" /><testcase classname="backend.tests.test_iteration95_e2e_prelaunch.TestAuditLogSystem" name="test_settings_update_creates_audit_log" time="1.203" /><testcase classname="backend.tests.test_iteration95_e2e_prelaunch.TestAmbassadorSystem" name="test_ambassador_progress_requires_auth" time="0.489" /><testcase classname="backend.tests.test_iteration95_e2e_prelaunch.TestAmbassadorSystem" name="test_ambassador_progress_authenticated" time="0.465" /><testcase classname="backend.tests.test_iteration95_e2e_prelaunch.TestAmbassadorSystem" name="test_ambassador_features_public" time="0.462" /><testcase classname="backend.tests.test_iteration95_e2e_prelaunch.TestAmbassadorSystem" name="test_ambassador_trust_indicators" time="0.830" /><testcase classname="backend.tests.test_iteration95_e2e_prelaunch.TestAmbassadorSystem" name="test_generate_referral_requires_auth" time="0.457" /><testcase classname="backend.tests.test_iteration95_e2e_prelaunch.TestAmbassadorSystem" name="test_generate_referral_authenticated" time="0.458" /><testcase classname="backend.tests.test_iteration95_e2e_prelaunch.TestContributionE2EFlow" name="test_contribution_create_flow" time="0.582" /><testcase classname="backend.tests.test_iteration95_e2e_prelaunch.TestContributionE2EFlow" name="test_contribution_confirm_details_flow" time="0.597" /><testcase classname="backend.tests.test_iteration95_e2e_prelaunch.TestContributionE2EFlow" name="test_admin_validate_contribution_creates_audit_log" time="1.353" /><testcase classname="backend.tests.test_iteration95_e2e_prelaunch.TestUserLevelChangeAuditLog" name="test_user_level_change_creates_audit_log" time="0.504" /><testcase classname="backend.tests.test_iteration95_e2e_prelaunch.TestPublicEndpoints" name="test_journeys_list" time="0.101" /><testcase classname="backend.tests.test_iteration95_e2e_prelaunch.TestPublicEndpoints" name="test_journey_detail" time="0.117" /><testcase classname="backend.tests.test_iteration95_e2e_prelaunch.TestPublicEndpoints" name="test_homepage_main_journey" time="0.111" /><testcase classname="backend.tests.test_iteration95_e2e_prelaunch.TestPublicEndpoints" name="test_settings_public" time="0.113" /><testcase classname="backend.tests.test_iteration95_e2e_prelaunch.TestPublicEndpoints" name="test_dreamers_stats" time="0.124" /></testsuite></testsuites>