<?xml version="1.0" encoding="utf-8"?><testsuites name="pytest tests"><testsuite name="pytest" errors="0" failures="0" skipped="0" tests="10" time="2.641" timestamp="2026-03-26T13:14:34.276726+00:00" hostname="agent-env-15fa1322-fa0e-4014-bd1e-9982079a9c74"><testcase classname="backend.tests.test_iteration82_bug_fixes.TestFlightInfoSuggestionFormat" name="test_paris_flight_info_is_suggestion" time="0.650" /><testcase classname="backend.tests.test_iteration82_bug_fixes.TestFlightInfoSuggestionFormat" name="test_roma_flight_info_is_suggestion" time="0.468" /><testcase classname="backend.tests.test_iteration82_bug_fixes.TestHotelInfoSuggestionFormat" name="test_paris_hotel_info_is_suggestion" time="0.409" /><testcase classname="backend.tests.test_iteration82_bug_fixes.TestHotelInfoSuggestionFormat" name="test_barcelona_hotel_info_has_el_born_area" time="0.436" /><testcase classname="backend.tests.test_iteration82_bug_fixes.TestTransportInfoStillPresent" name="test_paris_has_transport_info" time="0.433" /><testcase classname="backend.tests.test_iteration82_bug_fixes.TestGeocodingFoodFiltering" name="test_skip_words_list_in_code" time="0.006" /><testcase classname="backend.tests.test_iteration82_bug_fixes.TestGeocodingDistanceThreshold" name="test_distance_threshold_is_one_degree" time="0.007" /><testcase classname="backend.tests.test_iteration82_bug_fixes.TestJourneysEndpoint" name="test_get_journeys" time="0.149" /><testcase classname="backend.tests.test_iteration82_bug_fixes.TestDestinationTemplatesCode" name="test_get_flight_info_returns_suggestion_format" time="0.004" /><testcase classname="backend.tests.test_iteration82_bug_fixes.TestDestinationTemplatesCode" name="test_build_full_template_plan_returns_hotel_suggestion" time="0.003" /></testsuite></testsuites>