<?xml version="1.0" encoding="utf-8"?><testsuites name="pytest tests"><testsuite name="pytest" errors="0" failures="0" skipped="0" tests="11" time="5.067" timestamp="2026-03-25T23:22:41.315557+00:00" hostname="agent-env-15fa1322-fa0e-4014-bd1e-9982079a9c74"><testcase classname="backend.tests.test_iteration78_analytics_dashboard.TestAnalyticsEndpointAuth" name="test_analytics_requires_auth" time="0.229" /><testcase classname="backend.tests.test_iteration78_analytics_dashboard.TestAnalyticsEndpointAuth" name="test_analytics_with_non_admin_fails" time="0.497" /><testcase classname="backend.tests.test_iteration78_analytics_dashboard.TestAnalyticsEndpointWithAdmin" name="test_analytics_returns_200_with_admin" time="0.557" /><testcase classname="backend.tests.test_iteration78_analytics_dashboard.TestAnalyticsEndpointWithAdmin" name="test_analytics_has_all_required_keys" time="0.466" /><testcase classname="backend.tests.test_iteration78_analytics_dashboard.TestAnalyticsEndpointWithAdmin" name="test_funnel_object_structure" time="0.511" /><testcase classname="backend.tests.test_iteration78_analytics_dashboard.TestAnalyticsEndpointWithAdmin" name="test_affiliates_object_structure" time="0.446" /><testcase classname="backend.tests.test_iteration78_analytics_dashboard.TestAnalyticsEndpointWithAdmin" name="test_shares_object_structure" time="0.445" /><testcase classname="backend.tests.test_iteration78_analytics_dashboard.TestAnalyticsEndpointWithAdmin" name="test_referrals_object_structure" time="0.440" /><testcase classname="backend.tests.test_iteration78_analytics_dashboard.TestAnalyticsEndpointWithAdmin" name="test_top_plans_shared_structure" time="0.490" /><testcase classname="backend.tests.test_iteration78_analytics_dashboard.TestAnalyticsEndpointWithAdmin" name="test_top_plans_affiliate_structure" time="0.474" /><testcase classname="backend.tests.test_iteration78_analytics_dashboard.TestAnalyticsEndpointWithAdmin" name="test_top_converting_journeys_structure" time="0.438" /></testsuite></testsuites>