<?xml version="1.0" encoding="utf-8"?><testsuites name="pytest tests"><testsuite name="pytest" errors="0" failures="0" skipped="0" tests="4" time="0.884" timestamp="2026-03-25T22:25:38.961432+00:00" hostname="agent-env-15fa1322-fa0e-4014-bd1e-9982079a9c74"><testcase classname="backend.tests.test_iter74_layout_restructure.TestExistingEndpoints" name="test_affiliate_links_endpoint" time="0.130" /><testcase classname="backend.tests.test_iter74_layout_restructure.TestExistingEndpoints" name="test_plan_endpoint" time="0.117" /><testcase classname="backend.tests.test_iter74_layout_restructure.TestExistingEndpoints" name="test_og_image_endpoint" time="0.216" /><testcase classname="backend.tests.test_iter74_layout_restructure.TestAuthEndpoints" name="test_login_admin" time="0.359" /></testsuite></testsuites>