<?xml version="1.0" encoding="utf-8"?><testsuites name="pytest tests"><testsuite name="pytest" errors="0" failures="0" skipped="0" tests="7" time="1.076" timestamp="2026-03-24T18:57:23.090483+00:00" hostname="agent-env-30fd8ae2-1f02-444c-9b20-6851c5fcb84e"><testcase classname="backend.tests.test_iter60_paypal_smart_buttons.TestPaymentMethodsValidation" name="test_reject_revolut_payment_method" time="0.233" /><testcase classname="backend.tests.test_iter60_paypal_smart_buttons.TestPaymentMethodsValidation" name="test_reject_wise_payment_method" time="0.155" /><testcase classname="backend.tests.test_iter60_paypal_smart_buttons.TestPaymentMethodsValidation" name="test_accept_mbway_payment_method" time="0.120" /><testcase classname="backend.tests.test_iter60_paypal_smart_buttons.TestPaymentMethodsValidation" name="test_accept_crypto_payment_method" time="0.111" /><testcase classname="backend.tests.test_iter60_paypal_smart_buttons.TestPaymentMethodsValidation" name="test_accept_paypal_payment_method" time="0.128" /><testcase classname="backend.tests.test_iter60_paypal_smart_buttons.TestContributionConfig" name="test_contribution_config_returns_valid_methods" time="0.115" /><testcase classname="backend.tests.test_iter60_paypal_smart_buttons.TestPayPalConfig" name="test_paypal_config_returns_client_id" time="0.154" /></testsuite></testsuites>