<?xml version="1.0" encoding="utf-8"?><testsuites name="pytest tests"><testsuite name="pytest" errors="0" failures="0" skipped="0" tests="12" time="3.706" timestamp="2026-03-25T15:46:09.942085+00:00" hostname="agent-env-9357009b-9c46-44f0-8942-b0e9598aa241"><testcase classname="backend.tests.test_iter63_step3_redesign.TestConfirmDetailsEndpoint" name="test_confirm_details_with_email_only" time="0.334" /><testcase classname="backend.tests.test_iter63_step3_redesign.TestConfirmDetailsEndpoint" name="test_confirm_details_with_name_and_email" time="0.269" /><testcase classname="backend.tests.test_iter63_step3_redesign.TestConfirmDetailsEndpoint" name="test_confirm_details_missing_email_returns_400" time="0.875" /><testcase classname="backend.tests.test_iter63_step3_redesign.TestConfirmDetailsEndpoint" name="test_confirm_details_empty_email_returns_400" time="0.220" /><testcase classname="backend.tests.test_iter63_step3_redesign.TestConfirmDetailsEndpoint" name="test_confirm_details_nonexistent_contribution_returns_404" time="0.203" /><testcase classname="backend.tests.test_iter63_step3_redesign.TestMBWayContributionFlow" name="test_create_mbway_contribution" time="0.106" /><testcase classname="backend.tests.test_iter63_step3_redesign.TestMBWayContributionFlow" name="test_mbway_contribution_all_amounts" time="0.936" /><testcase classname="backend.tests.test_iter63_step3_redesign.TestMBWayContributionFlow" name="test_mbway_contribution_invalid_amount" time="0.110" /><testcase classname="backend.tests.test_iter63_step3_redesign.TestCryptoContributionFlow" name="test_create_crypto_contribution" time="0.115" /><testcase classname="backend.tests.test_iter63_step3_redesign.TestCryptoContributionFlow" name="test_crypto_requires_crypto_type" time="0.107" /><testcase classname="backend.tests.test_iter63_step3_redesign.TestPaymentInfo" name="test_get_payment_info" time="0.210" /><testcase classname="backend.tests.test_iter63_step3_redesign.TestJourneyProgress" name="test_get_journey_progress" time="0.153" /></testsuite></testsuites>