<?xml version="1.0" encoding="utf-8"?><testsuites name="pytest tests"><testsuite name="pytest" errors="0" failures="0" skipped="0" tests="8" time="1.740" timestamp="2026-03-26T12:31:16.578212+00:00" hostname="agent-env-15fa1322-fa0e-4014-bd1e-9982079a9c74"><testcase classname="backend.tests.test_iteration80_product_optimization.TestBackendAPIs" name="test_get_journeys_returns_200" time="0.235" /><testcase classname="backend.tests.test_iteration80_product_optimization.TestBackendAPIs" name="test_get_homepage_main_journey_returns_200" time="0.115" /><testcase classname="backend.tests.test_iteration80_product_optimization.TestBackendAPIs" name="test_get_homepage_ambassador_journeys" time="0.114" /><testcase classname="backend.tests.test_iteration80_product_optimization.TestBackendAPIs" name="test_get_homepage_realized_journeys" time="0.107" /><testcase classname="backend.tests.test_iteration80_product_optimization.TestBackendAPIs" name="test_get_homepage_curated_dreams" time="0.135" /><testcase classname="backend.tests.test_iteration80_product_optimization.TestBackendAPIs" name="test_get_dreamers_stats" time="0.100" /><testcase classname="backend.tests.test_iteration80_product_optimization.TestBackendAPIs" name="test_get_platform_stats" time="0.125" /><testcase classname="backend.tests.test_iteration80_product_optimization.TestAuthenticatedEndpoints" name="test_dashboard_user_stats" time="0.743" /></testsuite></testsuites>