<?xml version="1.0" encoding="utf-8"?><testsuites name="pytest tests"><testsuite name="pytest" errors="0" failures="1" skipped="0" tests="9" time="8.981" timestamp="2026-03-26T15:00:44.829934+00:00" hostname="agent-env-15fa1322-fa0e-4014-bd1e-9982079a9c74"><testcase classname="backend.tests.test_iteration85_bug_fixes.TestItineraryActivitiesPerDay" name="test_istanbul_9_days_activities_per_day" time="0.251" /><testcase classname="backend.tests.test_iteration85_bug_fixes.TestItineraryActivitiesPerDay" name="test_paris_5_days_activities_per_day" time="0.130" /><testcase classname="backend.tests.test_iteration85_bug_fixes.TestItineraryActivitiesPerDay" name="test_berlin_7_days_uses_day_trips" time="0.120" /><testcase classname="backend.tests.test_iteration85_bug_fixes.TestGeocodingParentheticalNames" name="test_geocode_istanbul_plan_success" time="4.885" /><testcase classname="backend.tests.test_iteration85_bug_fixes.TestGeocodingParentheticalNames" name="test_geocode_extracts_parenthetical_names" time="0.971" /><testcase classname="backend.tests.test_iteration85_bug_fixes.TestMapPopupShowsActivityName" name="test_geocode_returns_day_title" time="0.523"><failure message="assert 429 == 200&#10; +  where 429 = &lt;Response [429]&gt;.status_code">backend/tests/test_iteration85_bug_fixes.py:221: in test_geocode_returns_day_title
    assert plan_response.status_code == 200
E   assert 429 == 200
E    +  where 429 = &lt;Response [429]&gt;.status_code</failure></testcase><testcase classname="backend.tests.test_iteration85_bug_fixes.TestExistingDestinationsStillWork" name="test_paris_has_stay_zones_and_must_see" time="0.155" /><testcase classname="backend.tests.test_iteration85_bug_fixes.TestExistingDestinationsStillWork" name="test_roma_has_stay_zones_and_must_see" time="0.169" /><testcase classname="backend.tests.test_iteration85_bug_fixes.TestDayTripsFieldPresent" name="test_all_destinations_have_day_trips" time="1.687" /></testsuite></testsuites>