<?xml version="1.0" encoding="utf-8"?><testsuites name="pytest tests"><testsuite name="pytest" errors="0" failures="0" skipped="0" tests="19" time="3.589" timestamp="2026-03-25T23:07:35.343147+00:00" hostname="agent-env-15fa1322-fa0e-4014-bd1e-9982079a9c74"><testcase classname="backend.tests.test_iteration77_traffic_acquisition.TestSEOEndpoints" name="test_sitemap_xml_returns_valid_xml" time="0.290" /><testcase classname="backend.tests.test_iteration77_traffic_acquisition.TestSEOEndpoints" name="test_sitemap_contains_static_pages" time="0.115" /><testcase classname="backend.tests.test_iteration77_traffic_acquisition.TestSEOEndpoints" name="test_og_image_returns_png" time="0.176" /><testcase classname="backend.tests.test_iteration77_traffic_acquisition.TestShareTracking" name="test_track_share_whatsapp" time="0.110" /><testcase classname="backend.tests.test_iteration77_traffic_acquisition.TestShareTracking" name="test_track_share_copy" time="0.109" /><testcase classname="backend.tests.test_iteration77_traffic_acquisition.TestShareTracking" name="test_track_share_native" time="0.110" /><testcase classname="backend.tests.test_iteration77_traffic_acquisition.TestShareTracking" name="test_track_share_link" time="0.139" /><testcase classname="backend.tests.test_iteration77_traffic_acquisition.TestShareTracking" name="test_track_share_invalid_type" time="0.107" /><testcase classname="backend.tests.test_iteration77_traffic_acquisition.TestAffiliateTracking" name="test_affiliate_click_booking" time="0.114" /><testcase classname="backend.tests.test_iteration77_traffic_acquisition.TestAffiliateTracking" name="test_affiliate_click_getyourguide" time="0.114" /><testcase classname="backend.tests.test_iteration77_traffic_acquisition.TestAffiliateTracking" name="test_affiliate_click_invalid_platform" time="0.105" /><testcase classname="backend.tests.test_iteration77_traffic_acquisition.TestAffiliateTracking" name="test_affiliate_links_endpoint" time="0.122" /><testcase classname="backend.tests.test_iteration77_traffic_acquisition.TestAdminStatsEndpoints" name="test_share_stats_requires_auth" time="0.112" /><testcase classname="backend.tests.test_iteration77_traffic_acquisition.TestAdminStatsEndpoints" name="test_share_stats_with_admin" time="0.436" /><testcase classname="backend.tests.test_iteration77_traffic_acquisition.TestAdminStatsEndpoints" name="test_referral_stats_requires_auth" time="0.129" /><testcase classname="backend.tests.test_iteration77_traffic_acquisition.TestAdminStatsEndpoints" name="test_referral_stats_with_admin" time="0.532" /><testcase classname="backend.tests.test_iteration77_traffic_acquisition.TestAdminStatsEndpoints" name="test_affiliate_stats_requires_auth" time="0.135" /><testcase classname="backend.tests.test_iteration77_traffic_acquisition.TestAdminStatsEndpoints" name="test_affiliate_stats_with_admin" time="0.446" /><testcase classname="backend.tests.test_iteration77_traffic_acquisition.TestPublicPlanEndpoint" name="test_plan_endpoint_returns_404_for_invalid_slug" time="0.113" /></testsuite></testsuites>