<?xml version="1.0" encoding="utf-8"?><testsuites name="pytest tests"><testsuite name="pytest" errors="0" failures="0" skipped="0" tests="24" time="7.482" timestamp="2026-04-16T16:43:32.296089+00:00" hostname="agent-env-68993fab-763d-4665-b599-0704fd650a5d"><testcase classname="backend.tests.test_journey_routes_migration.TestJourneyRoutesPublic" name="test_get_journeys_list" time="0.225" /><testcase classname="backend.tests.test_journey_routes_migration.TestJourneyRoutesPublic" name="test_get_journey_by_id" time="0.146" /><testcase classname="backend.tests.test_journey_routes_migration.TestJourneyRoutesPublic" name="test_get_journey_not_found" time="0.140" /><testcase classname="backend.tests.test_journey_routes_migration.TestJourneyRoutesPublic" name="test_get_journey_progress" time="0.173" /><testcase classname="backend.tests.test_journey_routes_migration.TestJourneyRoutesPublic" name="test_get_journey_contributions" time="0.158" /><testcase classname="backend.tests.test_journey_routes_migration.TestJourneyRoutesPublic" name="test_get_journey_payment_info" time="0.133" /><testcase classname="backend.tests.test_journey_routes_migration.TestJourneyRoutesPublic" name="test_get_success_stories" time="0.189" /><testcase classname="backend.tests.test_journey_routes_migration.TestHomepageEndpoints" name="test_get_main_journey" time="0.147" /><testcase classname="backend.tests.test_journey_routes_migration.TestHomepageEndpoints" name="test_get_ambassador_journeys" time="0.128" /><testcase classname="backend.tests.test_journey_routes_migration.TestHomepageEndpoints" name="test_get_curated_dreams" time="0.120" /><testcase classname="backend.tests.test_journey_routes_migration.TestHomepageEndpoints" name="test_get_realized_journeys" time="0.145" /><testcase classname="backend.tests.test_journey_routes_migration.TestAuthEndpoints" name="test_login_success" time="0.342" /><testcase classname="backend.tests.test_journey_routes_migration.TestAuthEndpoints" name="test_login_invalid_credentials" time="0.131" /><testcase classname="backend.tests.test_journey_routes_migration.TestPaymentEndpoints" name="test_get_contributions_config" time="0.103" /><testcase classname="backend.tests.test_journey_routes_migration.TestAdminJourneyEndpoints" name="test_get_all_journeys_admin" time="0.479" /><testcase classname="backend.tests.test_journey_routes_migration.TestAdminJourneyEndpoints" name="test_get_ambassador_journeys_admin" time="0.465" /><testcase classname="backend.tests.test_journey_routes_migration.TestAdminJourneyEndpoints" name="test_get_journeys_visibility_admin" time="0.439" /><testcase classname="backend.tests.test_journey_routes_migration.TestAdminJourneyEndpoints" name="test_get_journeys_ready_for_raffle" time="0.472" /><testcase classname="backend.tests.test_journey_routes_migration.TestAdminJourneyEndpoints" name="test_admin_journeys_unauthorized" time="0.471" /><testcase classname="backend.tests.test_journey_routes_migration.TestSeedAndMigration" name="test_seed_journeys_idempotent" time="0.527" /><testcase classname="backend.tests.test_journey_routes_migration.TestSeedAndMigration" name="test_migrate_journey_status" time="0.473" /><testcase classname="backend.tests.test_journey_routes_migration.TestJourneyCRUD" name="test_create_update_delete_journey" time="0.847" /><testcase classname="backend.tests.test_journey_routes_migration.TestSetMainJourney" name="test_set_main_journey" time="0.475" /><testcase classname="backend.tests.test_journey_routes_migration.TestJourneyProgressWithAdmin" name="test_journey_progress_admin_sees_goal" time="0.469" /></testsuite></testsuites>