<?xml version="1.0" encoding="utf-8"?><testsuites name="pytest tests"><testsuite name="pytest" errors="0" failures="0" skipped="0" tests="11" time="3.258" timestamp="2026-03-19T14:21:17.447826+00:00" hostname="agent-env-b3674f6f-cf4c-4a73-ae32-a94e652d56fc"><testcase classname="backend.tests.test_journey_detail_iter45.TestJourneyDetailEndpoints" name="test_get_journey_returns_correct_data" time="0.141" /><testcase classname="backend.tests.test_journey_detail_iter45.TestJourneyDetailEndpoints" name="test_get_journey_not_found" time="0.142" /><testcase classname="backend.tests.test_journey_detail_iter45.TestJourneyDetailEndpoints" name="test_get_journey_progress" time="0.364" /><testcase classname="backend.tests.test_journey_detail_iter45.TestJourneyDetailEndpoints" name="test_get_journey_progress_not_found" time="0.118" /><testcase classname="backend.tests.test_journey_detail_iter45.TestJourneyDetailEndpoints" name="test_get_journey_contributions" time="0.174" /><testcase classname="backend.tests.test_journey_detail_iter45.TestContributionConfig" name="test_get_contribution_config" time="0.138" /><testcase classname="backend.tests.test_journey_detail_iter45.TestContributionConfig" name="test_get_payment_info" time="0.194" /><testcase classname="backend.tests.test_journey_detail_iter45.TestContributionCreate" name="test_create_contribution_invalid_amount" time="0.144" /><testcase classname="backend.tests.test_journey_detail_iter45.TestContributionCreate" name="test_create_contribution_invalid_payment_method" time="0.228" /><testcase classname="backend.tests.test_journey_detail_iter45.TestContributionCreate" name="test_create_contribution_valid" time="0.115" /><testcase classname="backend.tests.test_journey_detail_iter45.TestAITravelPlannerIntegration" name="test_travel_planner_destination_validation" time="1.432" /></testsuite></testsuites>