<?xml version="1.0" encoding="utf-8"?><testsuites name="pytest tests"><testsuite name="pytest" errors="0" failures="0" skipped="1" tests="12" time="6.092" timestamp="2026-03-20T19:01:16.308937+00:00" hostname="agent-env-5899293d-64d1-4410-a4a2-717043da26e8"><testcase classname="backend.tests.test_notifications_iter55.TestNotificationsSystem" name="test_notifications_requires_auth" time="0.366" /><testcase classname="backend.tests.test_notifications_iter55.TestNotificationsSystem" name="test_notifications_returns_array_and_unread_count" time="1.142" /><testcase classname="backend.tests.test_notifications_iter55.TestNotificationsSystem" name="test_mark_notifications_read_requires_auth" time="0.121" /><testcase classname="backend.tests.test_notifications_iter55.TestNotificationsSystem" name="test_mark_notifications_read" time="0.244" /><testcase classname="backend.tests.test_notifications_iter55.TestReferralNotification" name="test_referral_notification_flow" time="1.970" /><testcase classname="backend.tests.test_notifications_iter55.TestAmbassadorReferralGeneration" name="test_generate_referral_requires_auth" time="0.111" /><testcase classname="backend.tests.test_notifications_iter55.TestAmbassadorReferralGeneration" name="test_generate_referral_returns_code" time="0.582" /><testcase classname="backend.tests.test_notifications_iter55.TestAmbassadorReferralGeneration" name="test_generate_referral_idempotent" time="0.656" /><testcase classname="backend.tests.test_notifications_iter55.TestAffiliateLinksWithAffiliateId" name="test_affiliate_links_endpoint_works" time="0.162" /><testcase classname="backend.tests.test_notifications_iter55.TestAffiliateLinksWithAffiliateId" name="test_affiliate_links_missing_affiliate_id" time="0.101"><skipped type="pytest.skip" message="affiliate_id not in response - documented bug for main agent">/app/backend/tests/test_notifications_iter55.py:269: affiliate_id not in response - documented bug for main agent</skipped></testcase><testcase classname="backend.tests.test_notifications_iter55.TestAmbassadorProgress" name="test_ambassador_progress_requires_auth" time="0.106" /><testcase classname="backend.tests.test_notifications_iter55.TestAmbassadorProgress" name="test_ambassador_progress_structure" time="0.465" /></testsuite></testsuites>