<?xml version="1.0" encoding="utf-8"?><testsuites name="pytest tests"><testsuite name="pytest" errors="0" failures="0" skipped="0" tests="7" time="2.532" timestamp="2026-03-25T21:34:05.012065+00:00" hostname="agent-env-15fa1322-fa0e-4014-bd1e-9982079a9c74"><testcase classname="backend.tests.test_offline_pdf_guide_iter70.TestOfflinePDFGuide" name="test_pdf_returns_401_without_auth" time="0.707" /><testcase classname="backend.tests.test_offline_pdf_guide_iter70.TestOfflinePDFGuide" name="test_pdf_returns_200_for_admin" time="0.293" /><testcase classname="backend.tests.test_offline_pdf_guide_iter70.TestOfflinePDFGuide" name="test_pdf_content_disposition_header" time="0.114" /><testcase classname="backend.tests.test_offline_pdf_guide_iter70.TestOfflinePDFGuide" name="test_pdf_respects_sections_parameter" time="0.240" /><testcase classname="backend.tests.test_offline_pdf_guide_iter70.TestOfflinePDFGuide" name="test_pdf_includes_map_with_geocode_data" time="0.527" /><testcase classname="backend.tests.test_offline_pdf_guide_iter70.TestOfflinePDFGuide" name="test_pdf_returns_400_without_plan" time="0.108" /><testcase classname="backend.tests.test_offline_pdf_guide_iter70.TestPDFAccessControl" name="test_pdf_returns_403_for_non_ambassador" time="0.481" /></testsuite></testsuites>