<?xml version="1.0" encoding="utf-8"?><testsuites name="pytest tests"><testsuite name="pytest" errors="0" failures="0" skipped="0" tests="32" time="10.862" timestamp="2026-04-16T17:00:39.920229+00:00" hostname="agent-env-68993fab-763d-4665-b599-0704fd650a5d"><testcase classname="backend.tests.test_payment_routes_migration.TestPaymentRoutesReadOnly" name="test_get_contribution_config" time="0.209" /><testcase classname="backend.tests.test_payment_routes_migration.TestPaymentRoutesReadOnly" name="test_get_payment_info" time="0.140" /><testcase classname="backend.tests.test_payment_routes_migration.TestPaymentRoutesReadOnly" name="test_get_stripe_config" time="0.152" /><testcase classname="backend.tests.test_payment_routes_migration.TestPaymentRoutesReadOnly" name="test_get_paypal_config" time="0.169" /><testcase classname="backend.tests.test_payment_routes_migration.TestContributionCreation" name="test_create_contribution_mbway" time="0.139" /><testcase classname="backend.tests.test_payment_routes_migration.TestContributionCreation" name="test_create_contribution_invalid_amount" time="0.134" /><testcase classname="backend.tests.test_payment_routes_migration.TestContributionCreation" name="test_create_contribution_invalid_journey" time="0.150" /><testcase classname="backend.tests.test_payment_routes_migration.TestContributionCreation" name="test_create_contribution_with_tip" time="0.120" /><testcase classname="backend.tests.test_payment_routes_migration.TestContributionConfirmation" name="test_confirm_contribution_details" time="0.249" /><testcase classname="backend.tests.test_payment_routes_migration.TestContributionConfirmation" name="test_confirm_contribution_missing_email" time="0.242" /><testcase classname="backend.tests.test_payment_routes_migration.TestAmbassadorValidations" name="test_ambassador_pending_validations_unauthenticated" time="0.123" /><testcase classname="backend.tests.test_payment_routes_migration.TestAmbassadorValidations" name="test_ambassador_pending_validations_authenticated" time="0.534" /><testcase classname="backend.tests.test_payment_routes_migration.TestMyContributions" name="test_my_contributions_unauthenticated" time="0.123" /><testcase classname="backend.tests.test_payment_routes_migration.TestMyContributions" name="test_my_contributions_authenticated" time="0.483" /><testcase classname="backend.tests.test_payment_routes_migration.TestAdminContributions" name="test_admin_get_all_contributions" time="0.508" /><testcase classname="backend.tests.test_payment_routes_migration.TestAdminContributions" name="test_admin_get_pending_contributions" time="0.478" /><testcase classname="backend.tests.test_payment_routes_migration.TestAdminContributions" name="test_admin_contribution_reports" time="0.525" /><testcase classname="backend.tests.test_payment_routes_migration.TestAdminContributions" name="test_admin_search_contributions_by_reference" time="0.520" /><testcase classname="backend.tests.test_payment_routes_migration.TestAdminContributions" name="test_admin_search_contributions_missing_ref" time="0.577" /><testcase classname="backend.tests.test_payment_routes_migration.TestAdminContributionActions" name="test_admin_confirm_contribution" time="0.653" /><testcase classname="backend.tests.test_payment_routes_migration.TestAdminContributionActions" name="test_admin_reject_contribution" time="0.610" /><testcase classname="backend.tests.test_payment_routes_migration.TestAdminContributionActions" name="test_admin_validate_contribution_confirm" time="0.628" /><testcase classname="backend.tests.test_payment_routes_migration.TestAdminContributionActions" name="test_admin_validate_contribution_reject" time="0.607" /><testcase classname="backend.tests.test_payment_routes_migration.TestAdminContributionActions" name="test_admin_validate_invalid_action" time="0.733" /><testcase classname="backend.tests.test_payment_routes_migration.TestAdminPayouts" name="test_admin_get_payouts" time="0.472" /><testcase classname="backend.tests.test_payment_routes_migration.TestAdminPayouts" name="test_admin_payouts_unauthenticated" time="0.138" /><testcase classname="backend.tests.test_payment_routes_migration.TestAmbassadorProgress" name="test_ambassador_progress_unauthenticated" time="0.127" /><testcase classname="backend.tests.test_payment_routes_migration.TestAmbassadorProgress" name="test_ambassador_progress_authenticated" time="0.481" /><testcase classname="backend.tests.test_payment_routes_migration.TestExistingRoutesStillWork" name="test_journeys_still_work" time="0.139" /><testcase classname="backend.tests.test_payment_routes_migration.TestExistingRoutesStillWork" name="test_homepage_main_journey_still_works" time="0.119" /><testcase classname="backend.tests.test_payment_routes_migration.TestExistingRoutesStillWork" name="test_auth_login_still_works" time="0.341" /><testcase classname="backend.tests.test_payment_routes_migration.TestExistingRoutesStillWork" name="test_auth_login_invalid_credentials" time="0.126" /></testsuite></testsuites>