<?xml version="1.0" encoding="utf-8"?><testsuites name="pytest tests"><testsuite name="pytest" errors="0" failures="0" skipped="0" tests="17" time="5.958" timestamp="2026-03-18T13:54:38.068980+00:00" hostname="agent-env-335c2a7c-d675-4513-99d4-7854313accd0"><testcase classname="backend.tests.test_paypal_integration.TestPayPalConfig" name="test_paypal_config_returns_client_id" time="0.189" /><testcase classname="backend.tests.test_paypal_integration.TestPayPalCreateOrder" name="test_create_order_valid_amount_and_journey" time="0.986" /><testcase classname="backend.tests.test_paypal_integration.TestPayPalCreateOrder" name="test_create_order_rejects_invalid_amount" time="0.118" /><testcase classname="backend.tests.test_paypal_integration.TestPayPalCreateOrder" name="test_create_order_rejects_invalid_journey" time="0.130" /><testcase classname="backend.tests.test_paypal_integration.TestPayPalCaptureOrder" name="test_capture_order_non_approved_returns_error" time="2.258" /><testcase classname="backend.tests.test_paypal_integration.TestPayPalCaptureOrder" name="test_capture_order_nonexistent_order" time="0.151" /><testcase classname="backend.tests.test_paypal_integration.TestManualContributions" name="test_create_mbway_contribution" time="0.131" /><testcase classname="backend.tests.test_paypal_integration.TestManualContributions" name="test_create_revolut_contribution" time="0.111" /><testcase classname="backend.tests.test_paypal_integration.TestManualContributions" name="test_create_wise_contribution" time="0.125" /><testcase classname="backend.tests.test_paypal_integration.TestManualContributions" name="test_create_crypto_contribution" time="0.103" /><testcase classname="backend.tests.test_paypal_integration.TestManualContributions" name="test_contribution_rejects_invalid_amount" time="0.119" /><testcase classname="backend.tests.test_paypal_integration.TestManualContributions" name="test_contribution_rejects_invalid_payment_method" time="0.127" /><testcase classname="backend.tests.test_paypal_integration.TestOffersAdminCRUD" name="test_get_offers_requires_auth" time="0.135" /><testcase classname="backend.tests.test_paypal_integration.TestOffersAdminCRUD" name="test_get_offers_as_admin" time="0.519" /><testcase classname="backend.tests.test_paypal_integration.TestContributionConfig" name="test_contribution_config_returns_data" time="0.106" /><testcase classname="backend.tests.test_paypal_integration.TestPaymentInfo" name="test_payment_info_returns_data" time="0.113" /><testcase classname="backend.tests.test_paypal_integration.TestUserModelTotalContributed" name="test_user_profile_has_total_contributed" time="0.458" /></testsuite></testsuites>