<?xml version="1.0" encoding="utf-8"?><testsuites name="pytest tests"><testsuite name="pytest" errors="0" failures="0" skipped="0" tests="7" time="2.864" timestamp="2026-03-18T21:07:38.686656+00:00" hostname="agent-env-50c17fad-efaf-4ce8-9416-04419f4e94f8"><testcase classname="backend.tests.test_portuguese_accents_iter39.TestAffiliateEndpoints" name="test_get_affiliate_links_returns_all_partners" time="0.277" /><testcase classname="backend.tests.test_portuguese_accents_iter39.TestAffiliateEndpoints" name="test_affiliate_click_tracks_booking" time="0.356" /><testcase classname="backend.tests.test_portuguese_accents_iter39.TestAffiliateEndpoints" name="test_affiliate_click_tracks_skyscanner" time="0.185" /><testcase classname="backend.tests.test_portuguese_accents_iter39.TestAffiliateEndpoints" name="test_affiliate_click_rejects_invalid_platform" time="0.170" /><testcase classname="backend.tests.test_portuguese_accents_iter39.TestAITravelPlanEndpoint" name="test_travel_plan_rejects_missing_fields" time="1.463" /><testcase classname="backend.tests.test_portuguese_accents_iter39.TestAITravelPlanEndpoint" name="test_travel_plan_rejects_empty_destination" time="0.217" /><testcase classname="backend.tests.test_portuguese_accents_iter39.TestHealthEndpoint" name="test_health_endpoint" time="0.140" /></testsuite></testsuites>