<?xml version="1.0" encoding="utf-8"?><testsuites name="pytest tests"><testsuite name="pytest" errors="0" failures="0" skipped="0" tests="9" time="28.765" timestamp="2026-03-25T21:19:36.057569+00:00" hostname="agent-env-15fa1322-fa0e-4014-bd1e-9982079a9c74"><testcase classname="backend.tests.test_public_plans_iter69.TestPublicPlanEndpoints" name="test_get_public_plan_returns_200" time="0.220" /><testcase classname="backend.tests.test_public_plans_iter69.TestPublicPlanEndpoints" name="test_get_public_plan_contains_required_fields" time="0.095" /><testcase classname="backend.tests.test_public_plans_iter69.TestPublicPlanEndpoints" name="test_get_nonexistent_plan_returns_404" time="0.124" /><testcase classname="backend.tests.test_public_plans_iter69.TestPublicPlanEndpoints" name="test_og_image_returns_png" time="0.191" /><testcase classname="backend.tests.test_public_plans_iter69.TestPublicPlanEndpoints" name="test_og_image_nonexistent_returns_404" time="0.140" /><testcase classname="backend.tests.test_public_plans_iter69.TestPublicPlanEndpoints" name="test_travel_plan_returns_slug" time="27.440" /><testcase classname="backend.tests.test_public_plans_iter69.TestPublicPlanEndpoints" name="test_sitemap_includes_public_plans" time="0.190" /><testcase classname="backend.tests.test_public_plans_iter69.TestPublicPlanDataIntegrity" name="test_plan_has_itinerary_structure" time="0.134" /><testcase classname="backend.tests.test_public_plans_iter69.TestPublicPlanDataIntegrity" name="test_plan_has_packing_structure" time="0.170" /></testsuite></testsuites>