<?xml version="1.0" encoding="utf-8"?><testsuites name="pytest tests"><testsuite name="pytest" errors="0" failures="0" skipped="0" tests="25" time="5.083" timestamp="2026-02-11T18:06:04.754586+00:00" hostname="agent-env-cc8f8e78-b972-4e35-be32-6e7eaca78eb4"><testcase classname="backend.tests.test_4luis_api.TestHealthAndBasicEndpoints" name="test_api_root" time="0.069" /><testcase classname="backend.tests.test_4luis_api.TestHealthAndBasicEndpoints" name="test_get_journeys" time="0.043" /><testcase classname="backend.tests.test_4luis_api.TestHealthAndBasicEndpoints" name="test_get_single_journey" time="0.044" /><testcase classname="backend.tests.test_4luis_api.TestHealthAndBasicEndpoints" name="test_get_payment_info" time="0.041" /><testcase classname="backend.tests.test_4luis_api.TestHealthAndBasicEndpoints" name="test_get_site_settings" time="0.046" /><testcase classname="backend.tests.test_4luis_api.TestHealthAndBasicEndpoints" name="test_get_dreamers_stats" time="0.056" /><testcase classname="backend.tests.test_4luis_api.TestHealthAndBasicEndpoints" name="test_get_raffle_stats" time="0.044" /><testcase classname="backend.tests.test_4luis_api.TestAuthentication" name="test_login_success" time="0.284" /><testcase classname="backend.tests.test_4luis_api.TestAuthentication" name="test_login_invalid_credentials" time="0.036" /><testcase classname="backend.tests.test_4luis_api.TestAuthentication" name="test_register_duplicate_email" time="0.036" /><testcase classname="backend.tests.test_4luis_api.TestAuthentication" name="test_get_me_unauthorized" time="0.032" /><testcase classname="backend.tests.test_4luis_api.TestAuthentication" name="test_get_me_authorized" time="0.295" /><testcase classname="backend.tests.test_4luis_api.TestSponsorLinks" name="test_create_sponsor_link" time="0.301" /><testcase classname="backend.tests.test_4luis_api.TestSponsorLinks" name="test_get_my_sponsor_links" time="0.343" /><testcase classname="backend.tests.test_4luis_api.TestSponsorLinks" name="test_get_sponsor_link_unauthorized" time="0.034" /><testcase classname="backend.tests.test_4luis_api.TestPaymentEndpoints" name="test_create_stripe_checkout" time="0.912" /><testcase classname="backend.tests.test_4luis_api.TestPaymentEndpoints" name="test_create_stripe_checkout_invalid_amount" time="0.348" /><testcase classname="backend.tests.test_4luis_api.TestPaymentEndpoints" name="test_manual_contribution_mbway" time="0.298" /><testcase classname="backend.tests.test_4luis_api.TestPaymentEndpoints" name="test_manual_contribution_crypto" time="0.329" /><testcase classname="backend.tests.test_4luis_api.TestUserProfile" name="test_get_profile" time="0.308" /><testcase classname="backend.tests.test_4luis_api.TestUserProfile" name="test_update_profile" time="0.318" /><testcase classname="backend.tests.test_4luis_api.TestTickets" name="test_get_my_tickets" time="0.322" /><testcase classname="backend.tests.test_4luis_api.TestTickets" name="test_get_journey_tickets" time="0.308" /><testcase classname="backend.tests.test_4luis_api.TestTravelResources" name="test_get_travel_resources" time="0.041" /><testcase classname="backend.tests.test_4luis_api.TestGallery" name="test_get_gallery" time="0.047" /></testsuite></testsuites>