<?xml version="1.0" encoding="utf-8"?><testsuites name="pytest tests"><testsuite name="pytest" errors="0" failures="1" skipped="0" tests="14" time="4.237" timestamp="2026-03-17T18:39:07.145894+00:00" hostname="agent-env-b8a65300-28c1-47fa-80d9-c9a838ad89d7"><testcase classname="backend.tests.test_refactoring_features.TestHealthAndRefactoring" name="test_backend_health" time="0.148"><failure message="assert 404 == 200&#10; +  where 404 = &lt;Response [404]&gt;.status_code">backend/tests/test_refactoring_features.py:23: in test_backend_health
    assert response.status_code == 200
E   assert 404 == 200
E    +  where 404 = &lt;Response [404]&gt;.status_code</failure></testcase><testcase classname="backend.tests.test_refactoring_features.TestHealthAndRefactoring" name="test_homepage_main_journey_after_refactoring" time="0.177" /><testcase classname="backend.tests.test_refactoring_features.TestHealthAndRefactoring" name="test_contributions_config_after_refactoring" time="0.106" /><testcase classname="backend.tests.test_refactoring_features.TestAuthentication" name="test_admin_login" time="0.358" /><testcase classname="backend.tests.test_refactoring_features.TestAuthentication" name="test_login_invalid_credentials" time="0.149" /><testcase classname="backend.tests.test_refactoring_features.TestAuthentication" name="test_auth_me_with_token" time="0.477" /><testcase classname="backend.tests.test_refactoring_features.TestNotificationsEndpoints" name="test_get_notifications" time="0.479" /><testcase classname="backend.tests.test_refactoring_features.TestNotificationsEndpoints" name="test_mark_all_notifications_read" time="0.602" /><testcase classname="backend.tests.test_refactoring_features.TestNotificationsEndpoints" name="test_notifications_require_auth" time="0.712" /><testcase classname="backend.tests.test_refactoring_features.TestJourneyEndpoints" name="test_get_journeys" time="0.141" /><testcase classname="backend.tests.test_refactoring_features.TestJourneyEndpoints" name="test_get_journey_by_id" time="0.272" /><testcase classname="backend.tests.test_refactoring_features.TestJourneyEndpoints" name="test_get_journey_progress" time="0.257" /><testcase classname="backend.tests.test_refactoring_features.TestModulesImport" name="test_stripe_config_endpoint" time="0.158" /><testcase classname="backend.tests.test_refactoring_features.TestModulesImport" name="test_payment_info_endpoint" time="0.131" /></testsuite></testsuites>