<?xml version="1.0" encoding="utf-8"?><testsuites name="pytest tests"><testsuite name="pytest" errors="0" failures="0" skipped="0" tests="13" time="2.294" timestamp="2026-03-20T19:50:59.877185+00:00" hostname="agent-env-30fd8ae2-1f02-444c-9b20-6851c5fcb84e"><testcase classname="backend.tests.test_seo_mobile_affiliate_iter56.TestAffiliateLinks" name="test_affiliate_links_returns_placeholder_urls" time="0.281" /><testcase classname="backend.tests.test_seo_mobile_affiliate_iter56.TestAffiliateLinks" name="test_affiliate_links_include_affiliate_id" time="0.157" /><testcase classname="backend.tests.test_seo_mobile_affiliate_iter56.TestAffiliateLinks" name="test_affiliate_click_tracking_works" time="0.150" /><testcase classname="backend.tests.test_seo_mobile_affiliate_iter56.TestAffiliateLinks" name="test_affiliate_click_invalid_platform" time="0.123" /><testcase classname="backend.tests.test_seo_mobile_affiliate_iter56.TestSEOEndpoints" name="test_sitemap_xml_returns_valid_xml" time="0.244" /><testcase classname="backend.tests.test_seo_mobile_affiliate_iter56.TestSEOEndpoints" name="test_sitemap_includes_journeys" time="0.152" /><testcase classname="backend.tests.test_seo_mobile_affiliate_iter56.TestSEOEndpoints" name="test_plan_slug_returns_404_for_nonexistent" time="0.138" /><testcase classname="backend.tests.test_seo_mobile_affiliate_iter56.TestSEOEndpoints" name="test_plan_slug_endpoint_exists" time="0.160" /><testcase classname="backend.tests.test_seo_mobile_affiliate_iter56.TestHomepageEndpoints" name="test_homepage_main_journey_loads" time="0.154" /><testcase classname="backend.tests.test_seo_mobile_affiliate_iter56.TestHomepageEndpoints" name="test_homepage_ambassador_journeys_loads" time="0.146" /><testcase classname="backend.tests.test_seo_mobile_affiliate_iter56.TestHomepageEndpoints" name="test_platform_stats_loads" time="0.220" /><testcase classname="backend.tests.test_seo_mobile_affiliate_iter56.TestTravelPlannerEndpoints" name="test_affiliate_links_for_travel_planner" time="0.127" /><testcase classname="backend.tests.test_seo_mobile_affiliate_iter56.TestContributionConfig" name="test_contribution_config_loads" time="0.169" /></testsuite></testsuites>