<?xml version="1.0" encoding="utf-8"?><testsuites name="pytest tests"><testsuite name="pytest" errors="0" failures="0" skipped="0" tests="15" time="1.943" timestamp="2026-03-16T20:02:18.170439+00:00" hostname="agent-env-cd84350a-3868-43dc-94f5-cc27d5205d4d"><testcase classname="backend.tests.test_server_drafts.TestDraftEndpointsAuth" name="test_put_draft_requires_auth" time="0.288" /><testcase classname="backend.tests.test_server_drafts.TestDraftEndpointsAuth" name="test_get_draft_requires_auth" time="0.070" /><testcase classname="backend.tests.test_server_drafts.TestDraftEndpointsAuth" name="test_delete_draft_requires_auth" time="0.062" /><testcase classname="backend.tests.test_server_drafts.TestDraftEndpointsAuth" name="test_list_drafts_requires_auth" time="0.074" /><testcase classname="backend.tests.test_server_drafts.TestDraftCRUD" name="test_create_journey_edit_draft" time="0.378" /><testcase classname="backend.tests.test_server_drafts.TestDraftCRUD" name="test_get_journey_edit_draft" time="0.077" /><testcase classname="backend.tests.test_server_drafts.TestDraftCRUD" name="test_update_journey_edit_draft" time="0.155" /><testcase classname="backend.tests.test_server_drafts.TestDraftCRUD" name="test_get_nonexistent_draft_returns_404" time="0.078" /><testcase classname="backend.tests.test_server_drafts.TestDraftCRUD" name="test_create_journey_create_draft" time="0.098" /><testcase classname="backend.tests.test_server_drafts.TestDraftCRUD" name="test_get_journey_create_draft" time="0.076" /><testcase classname="backend.tests.test_server_drafts.TestDraftCRUD" name="test_list_all_drafts" time="0.065" /><testcase classname="backend.tests.test_server_drafts.TestDraftCRUD" name="test_delete_journey_edit_draft" time="0.132" /><testcase classname="backend.tests.test_server_drafts.TestDraftCRUD" name="test_delete_journey_create_draft" time="0.062" /><testcase classname="backend.tests.test_server_drafts.TestDraftTimestamps" name="test_draft_includes_updated_at_timestamp" time="0.184" /><testcase classname="backend.tests.test_server_drafts.TestCleanup" name="test_cleanup_test_drafts" time="0.072" /></testsuite></testsuites>