<?xml version="1.0" encoding="utf-8"?><testsuites name="pytest tests"><testsuite name="pytest" errors="0" failures="0" skipped="0" tests="5" time="33.345" timestamp="2026-03-19T13:35:52.805768+00:00" hostname="agent-env-b3674f6f-cf4c-4a73-ae32-a94e652d56fc"><testcase classname="backend.tests.test_share_rate_limit_iter43.TestRateLimitAndShare" name="test_reset_limit_endpoint_exists" time="0.393" /><testcase classname="backend.tests.test_share_rate_limit_iter43.TestRateLimitAndShare" name="test_travel_plan_basic_request" time="0.378" /><testcase classname="backend.tests.test_share_rate_limit_iter43.TestRateLimitAndShare" name="test_refine_endpoint_exists" time="31.310" /><testcase classname="backend.tests.test_share_rate_limit_iter43.TestRateLimitAndShare" name="test_affiliate_links_endpoint" time="0.365" /><testcase classname="backend.tests.test_share_rate_limit_iter43.TestRateLimitAndShare" name="test_affiliate_click_tracking" time="0.844" /></testsuite></testsuites>