<?xml version="1.0" encoding="utf-8"?><testsuites name="pytest tests"><testsuite name="pytest" errors="0" failures="0" skipped="0" tests="6" time="2.282" timestamp="2026-03-06T16:25:29.713038+00:00" hostname="agent-env-211eecae-89d9-4b4f-bfd6-81723e2db32c"><testcase classname="backend.tests.test_share_menu.TestAuthMeAnonymousAlias" name="test_auth_me_returns_anonymous_alias_field" time="0.495" /><testcase classname="backend.tests.test_share_menu.TestDashboardUserStats" name="test_dashboard_returns_user_alias" time="0.473" /><testcase classname="backend.tests.test_share_menu.TestInvitePage" name="test_invite_with_name" time="0.591" /><testcase classname="backend.tests.test_share_menu.TestInvitePage" name="test_invite_not_found" time="0.114" /><testcase classname="backend.tests.test_share_menu.TestJourneysForShare" name="test_get_journeys" time="0.103" /><testcase classname="backend.tests.test_share_menu.TestProfileAnonymousAlias" name="test_profile_includes_anonymous_alias" time="0.456" /></testsuite></testsuites>