<?xml version="1.0" encoding="utf-8"?><testsuites name="pytest tests"><testsuite name="pytest" errors="0" failures="0" skipped="0" tests="9" time="4.854" timestamp="2026-02-26T20:20:30.961642+00:00" hostname="agent-env-4063fc72-6cca-49a7-9479-60eadc80aa80"><testcase classname="backend.tests.test_show_goal_amount.TestShowGoalAmountFeature" name="test_main_journey_show_goal_false_hides_goal_amount" time="0.521" /><testcase classname="backend.tests.test_show_goal_amount.TestShowGoalAmountFeature" name="test_toggle_show_goal_endpoint_requires_admin" time="0.578" /><testcase classname="backend.tests.test_show_goal_amount.TestShowGoalAmountFeature" name="test_toggle_show_goal_endpoint_works" time="0.703" /><testcase classname="backend.tests.test_show_goal_amount.TestShowGoalAmountFeature" name="test_toggle_requires_show_goal_amount_param" time="0.469" /><testcase classname="backend.tests.test_show_goal_amount.TestShowGoalAmountFeature" name="test_toggle_invalid_journey_returns_404" time="0.474" /><testcase classname="backend.tests.test_show_goal_amount.TestShowGoalAmountFeature" name="test_ambassador_journeys_respect_show_goal_amount" time="0.503" /><testcase classname="backend.tests.test_show_goal_amount.TestShowGoalAmountFeature" name="test_admin_journeys_list_includes_show_goal_amount" time="0.500" /><testcase classname="backend.tests.test_show_goal_amount.TestShowGoalAmountFeature" name="test_admin_journey_update_can_change_show_goal_amount" time="0.472" /><testcase classname="backend.tests.test_show_goal_amount.TestShowGoalAmountJourneyModel" name="test_new_journey_default_show_goal_false" time="0.571" /></testsuite></testsuites>