<?xml version="1.0" encoding="utf-8"?><testsuites name="pytest tests"><testsuite name="pytest" errors="0" failures="1" skipped="0" tests="9" time="5.080" timestamp="2026-02-26T20:19:59.414388+00:00" hostname="agent-env-4063fc72-6cca-49a7-9479-60eadc80aa80"><testcase classname="backend.tests.test_show_goal_amount.TestShowGoalAmountFeature" name="test_main_journey_show_goal_false_hides_goal_amount" time="0.601" /><testcase classname="backend.tests.test_show_goal_amount.TestShowGoalAmountFeature" name="test_toggle_show_goal_endpoint_requires_admin" time="0.549" /><testcase classname="backend.tests.test_show_goal_amount.TestShowGoalAmountFeature" name="test_toggle_show_goal_endpoint_works" time="0.828" /><testcase classname="backend.tests.test_show_goal_amount.TestShowGoalAmountFeature" name="test_toggle_requires_show_goal_amount_param" time="0.465" /><testcase classname="backend.tests.test_show_goal_amount.TestShowGoalAmountFeature" name="test_toggle_invalid_journey_returns_404" time="0.469" /><testcase classname="backend.tests.test_show_goal_amount.TestShowGoalAmountFeature" name="test_ambassador_journeys_respect_show_goal_amount" time="0.505" /><testcase classname="backend.tests.test_show_goal_amount.TestShowGoalAmountFeature" name="test_admin_journeys_list_includes_show_goal_amount" time="0.457"><failure message="AssertionError: Journey Japão should have show_goal_amount field&#10;assert 'show_goal_amount' in {'created_at': '2026-02-11T13:55:13.454088+00:00', 'currency': 'EUR', 'current_amount': 2500.0, 'description': 'Uma viagem pela terra do sol nascente', ...}">backend/tests/test_show_goal_amount.py:173: in test_admin_journeys_list_includes_show_goal_amount
    assert "show_goal_amount" in journey, f"Journey {journey['name']} should have show_goal_amount field"
E   AssertionError: Journey Japão should have show_goal_amount field
E   assert 'show_goal_amount' in {'created_at': '2026-02-11T13:55:13.454088+00:00', 'currency': 'EUR', 'current_amount': 2500.0, 'description': 'Uma viagem pela terra do sol nascente', ...}</failure></testcase><testcase classname="backend.tests.test_show_goal_amount.TestShowGoalAmountFeature" name="test_admin_journey_update_can_change_show_goal_amount" time="0.468" /><testcase classname="backend.tests.test_show_goal_amount.TestShowGoalAmountJourneyModel" name="test_new_journey_default_show_goal_false" time="0.648" /></testsuite></testsuites>