<?xml version="1.0" encoding="utf-8"?><testsuites name="pytest tests"><testsuite name="pytest" errors="0" failures="0" skipped="0" tests="13" time="32.477" timestamp="2026-03-25T19:32:26.983704+00:00" hostname="agent-env-15fa1322-fa0e-4014-bd1e-9982079a9c74"><testcase classname="backend.tests.test_smartmap_iter66.TestSmartMapAuth" name="test_geocode_plan_requires_auth" time="0.250" /><testcase classname="backend.tests.test_smartmap_iter66.TestSmartMapAuth" name="test_geocode_plan_requires_ambassador" time="0.538" /><testcase classname="backend.tests.test_smartmap_iter66.TestSmartMapAuth" name="test_geocode_plan_validates_input" time="0.462" /><testcase classname="backend.tests.test_smartmap_iter66.TestSmartMapAuth" name="test_optimize_route_requires_auth" time="1.430" /><testcase classname="backend.tests.test_smartmap_iter66.TestSmartMapAuth" name="test_optimize_route_requires_ambassador" time="0.131" /><testcase classname="backend.tests.test_smartmap_iter66.TestSmartMapAuth" name="test_optimize_route_validates_input" time="0.107" /><testcase classname="backend.tests.test_smartmap_iter66.TestSmartMapAuth" name="test_improve_location_requires_auth" time="0.104" /><testcase classname="backend.tests.test_smartmap_iter66.TestSmartMapAuth" name="test_improve_location_requires_ambassador" time="0.118" /><testcase classname="backend.tests.test_smartmap_iter66.TestSmartMapFunctionality" name="test_geocode_plan_returns_geocoded_locations" time="2.935" /><testcase classname="backend.tests.test_smartmap_iter66.TestSmartMapFunctionality" name="test_optimize_route_returns_optimized_order" time="3.434" /><testcase classname="backend.tests.test_smartmap_iter66.TestSmartMapFunctionality" name="test_improve_location_returns_suggestions" time="14.771" /><testcase classname="backend.tests.test_smartmap_iter66.TestGeocodingCache" name="test_geocoding_uses_cache" time="1.122" /><testcase classname="backend.tests.test_smartmap_iter66.TestAIAssistantRegression" name="test_ai_assistant_still_works" time="6.989" /></testsuite></testsuites>