<?xml version="1.0" encoding="utf-8"?><testsuites name="pytest tests"><testsuite name="pytest" errors="0" failures="0" skipped="0" tests="10" time="2.717" timestamp="2026-03-17T16:33:52.000167+00:00" hostname="agent-env-b8a65300-28c1-47fa-80d9-c9a838ad89d7"><testcase classname="backend.tests.test_social_proof.TestHomepageSocialProof" name="test_homepage_main_journey_has_contributor_count" time="0.265" /><testcase classname="backend.tests.test_social_proof.TestHomepageSocialProof" name="test_homepage_main_journey_has_journey_contributor_count" time="0.161" /><testcase classname="backend.tests.test_social_proof.TestHomepageSocialProof" name="test_homepage_main_journey_returns_journey_data" time="0.165" /><testcase classname="backend.tests.test_social_proof.TestJourneyProgressSocialProof" name="test_journey_progress_has_contributor_count" time="0.225" /><testcase classname="backend.tests.test_social_proof.TestJourneyProgressSocialProof" name="test_journey_progress_has_journey_contributor_count" time="0.369" /><testcase classname="backend.tests.test_social_proof.TestJourneyProgressSocialProof" name="test_journey_progress_has_percentage" time="0.356" /><testcase classname="backend.tests.test_social_proof.TestJourneyProgressSocialProof" name="test_contributor_count_seed_offset" time="0.316" /><testcase classname="backend.tests.test_social_proof.TestJourneyEndpoint" name="test_journey_detail_returns_complete_data" time="0.376" /><testcase classname="backend.tests.test_social_proof.TestContributionsEndpoint" name="test_journey_contributions_list" time="0.297" /><testcase classname="backend.tests.test_social_proof.TestContributionConfig" name="test_contribution_config_endpoint" time="0.124" /></testsuite></testsuites>