<?xml version="1.0" encoding="utf-8"?><testsuites name="pytest tests"><testsuite name="pytest" errors="0" failures="1" skipped="0" tests="21" time="4.687" timestamp="2026-03-25T22:08:28.484262+00:00" hostname="agent-env-15fa1322-fa0e-4014-bd1e-9982079a9c74"><testcase classname="backend.tests.test_ssr_pdf_cover_iter72.TestSSREndpoint" name="test_ssr_returns_html_with_og_title" time="0.242" /><testcase classname="backend.tests.test_ssr_pdf_cover_iter72.TestSSREndpoint" name="test_ssr_returns_html_with_og_description" time="0.136" /><testcase classname="backend.tests.test_ssr_pdf_cover_iter72.TestSSREndpoint" name="test_ssr_returns_html_with_og_image" time="0.111" /><testcase classname="backend.tests.test_ssr_pdf_cover_iter72.TestSSREndpoint" name="test_ssr_returns_html_with_canonical_url" time="0.142" /><testcase classname="backend.tests.test_ssr_pdf_cover_iter72.TestSSREndpoint" name="test_ssr_returns_html_with_twitter_card" time="0.101" /><testcase classname="backend.tests.test_ssr_pdf_cover_iter72.TestSSREndpoint" name="test_ssr_returns_html_with_schema_org" time="0.138" /><testcase classname="backend.tests.test_ssr_pdf_cover_iter72.TestSSREndpoint" name="test_ssr_returns_html_with_itinerary_content" time="0.131" /><testcase classname="backend.tests.test_ssr_pdf_cover_iter72.TestSSREndpoint" name="test_ssr_returns_404_for_nonexistent_slug" time="0.119" /><testcase classname="backend.tests.test_ssr_pdf_cover_iter72.TestSSREndpoint" name="test_ssr_content_type_is_html" time="0.120" /><testcase classname="backend.tests.test_ssr_pdf_cover_iter72.TestOGImageEndpoint" name="test_og_image_returns_png" time="0.240" /><testcase classname="backend.tests.test_ssr_pdf_cover_iter72.TestOGImageEndpoint" name="test_og_image_has_premium_size" time="0.168" /><testcase classname="backend.tests.test_ssr_pdf_cover_iter72.TestOGImageEndpoint" name="test_og_image_returns_404_for_nonexistent_slug" time="0.164" /><testcase classname="backend.tests.test_ssr_pdf_cover_iter72.TestOGImageEndpoint" name="test_og_image_has_cache_header" time="0.192"><failure message="AssertionError: Missing cache control header&#10;assert 'max-age' in 'no-store, no-cache, must-revalidate'">backend/tests/test_ssr_pdf_cover_iter72.py:164: in test_og_image_has_cache_header
    assert 'max-age' in cache_control, f"Missing cache control header"
E   AssertionError: Missing cache control header
E   assert 'max-age' in 'no-store, no-cache, must-revalidate'</failure></testcase><testcase classname="backend.tests.test_ssr_pdf_cover_iter72.TestPDFWithCover" name="test_pdf_with_slug_generates_larger_pdf" time="0.701" /><testcase classname="backend.tests.test_ssr_pdf_cover_iter72.TestPDFWithCover" name="test_pdf_without_slug_still_works" time="0.464" /><testcase classname="backend.tests.test_ssr_pdf_cover_iter72.TestPDFWithCover" name="test_pdf_requires_authentication" time="0.110" /><testcase classname="backend.tests.test_ssr_pdf_cover_iter72.TestPDFWithCover" name="test_pdf_requires_plan_data" time="0.471" /><testcase classname="backend.tests.test_ssr_pdf_cover_iter72.TestPDFWithCover" name="test_pdf_has_correct_filename" time="0.615" /><testcase classname="backend.tests.test_ssr_pdf_cover_iter72.TestSetupProxyExists" name="test_setup_proxy_file_exists" time="0.000" /><testcase classname="backend.tests.test_ssr_pdf_cover_iter72.TestPublicPlanEndpoint" name="test_public_plan_returns_data" time="0.112" /><testcase classname="backend.tests.test_ssr_pdf_cover_iter72.TestPublicPlanEndpoint" name="test_public_plan_returns_404_for_nonexistent" time="0.099" /></testsuite></testsuites>