<?xml version="1.0" encoding="utf-8"?><testsuites name="pytest tests"><testsuite name="pytest" errors="0" failures="0" skipped="0" tests="19" time="91.434" timestamp="2026-03-19T13:55:20.731071+00:00" hostname="agent-env-b3674f6f-cf4c-4a73-ae32-a94e652d56fc"><testcase classname="backend.tests.test_stability_iter44.TestAITravelPlanValidation" name="test_empty_destination_returns_400" time="1.466" /><testcase classname="backend.tests.test_stability_iter44.TestAITravelPlanValidation" name="test_missing_destination_returns_400" time="0.116" /><testcase classname="backend.tests.test_stability_iter44.TestAITravelPlanValidation" name="test_bad_date_format_returns_400_with_message" time="0.163" /><testcase classname="backend.tests.test_stability_iter44.TestAITravelPlanValidation" name="test_bad_end_date_format_returns_400" time="0.112" /><testcase classname="backend.tests.test_stability_iter44.TestAITravelPlanValidation" name="test_input_length_truncation_destination_max_200" time="23.146" /><testcase classname="backend.tests.test_stability_iter44.TestAIRefineValidation" name="test_empty_refinement_returns_400" time="0.131" /><testcase classname="backend.tests.test_stability_iter44.TestAIRefineValidation" name="test_missing_refinement_returns_400" time="0.138" /><testcase classname="backend.tests.test_stability_iter44.TestAIRefineValidation" name="test_missing_previous_plan_returns_400" time="0.115" /><testcase classname="backend.tests.test_stability_iter44.TestAIRefineValidation" name="test_null_previous_plan_returns_400" time="0.118" /><testcase classname="backend.tests.test_stability_iter44.TestAdminEndpointAuth" name="test_admin_journeys_without_token_returns_401" time="0.140" /><testcase classname="backend.tests.test_stability_iter44.TestAdminEndpointAuth" name="test_admin_journeys_post_without_token_returns_401" time="0.100" /><testcase classname="backend.tests.test_stability_iter44.TestAdminEndpointAuth" name="test_admin_journeys_with_non_admin_returns_403" time="0.513" /><testcase classname="backend.tests.test_stability_iter44.TestAdminEndpointAuth" name="test_admin_login_and_access" time="0.456" /><testcase classname="backend.tests.test_stability_iter44.TestContributionValidation" name="test_invalid_amount_returns_400" time="0.235" /><testcase classname="backend.tests.test_stability_iter44.TestContributionValidation" name="test_invalid_payment_method_returns_400" time="0.312" /><testcase classname="backend.tests.test_stability_iter44.TestContributionValidation" name="test_valid_contribution_accepted" time="0.212" /><testcase classname="backend.tests.test_stability_iter44.TestAITimeoutHandling" name="test_travel_plan_uses_timeout" time="35.903" /><testcase classname="backend.tests.test_stability_iter44.TestModelConsistency" name="test_user_has_timestamps" time="0.608" /><testcase classname="backend.tests.test_stability_iter44.TestAILogging" name="test_travel_plan_logs_input" time="27.373" /></testsuite></testsuites>