<?xml version="1.0" encoding="utf-8"?><testsuites name="pytest tests"><testsuite name="pytest" errors="0" failures="0" skipped="0" tests="7" time="2.478" timestamp="2026-03-09T15:41:02.136034+00:00" hostname="agent-env-ee82aeb7-11cc-4fee-8e83-292b1d72faf1"><testcase classname="tests.test_story_chapters.TestStoryChaptersAPI" name="test_homepage_main_journey_returns_story_chapters" time="0.324" /><testcase classname="tests.test_story_chapters.TestStoryChaptersAPI" name="test_journey_detail_returns_story_chapters" time="0.157" /><testcase classname="tests.test_story_chapters.TestStoryChaptersAPI" name="test_chapter_1_title_for_china" time="0.140" /><testcase classname="tests.test_story_chapters.TestChapterDetectionLogic" name="test_chapter_ranges" time="0.000" /><testcase classname="tests.test_story_chapters.TestAdminStoryChaptersUpdate" name="test_admin_can_update_story_chapters" time="0.629" /><testcase classname="tests.test_story_chapters.TestAdminStoryChaptersUpdate" name="test_admin_can_update_story_emails_enabled" time="0.551" /><testcase classname="tests.test_story_chapters.TestAdminStoryChaptersUpdate" name="test_admin_can_update_current_chapter" time="0.616" /></testsuite></testsuites>