<?xml version="1.0" encoding="utf-8"?><testsuites name="pytest tests"><testsuite name="pytest" errors="0" failures="0" skipped="0" tests="25" time="10.482" timestamp="2026-03-16T20:34:21.437788+00:00" hostname="agent-env-cd84350a-3868-43dc-94f5-cc27d5205d4d"><testcase classname="backend.tests.test_support_tickets.TestSupportTicketSystem" name="test_01_create_ticket_success" time="3.431" /><testcase classname="backend.tests.test_support_tickets.TestSupportTicketSystem" name="test_02_create_ticket_payment_type_high_priority" time="0.570" /><testcase classname="backend.tests.test_support_tickets.TestSupportTicketSystem" name="test_03_create_ticket_reclamacao_high_priority" time="0.606" /><testcase classname="backend.tests.test_support_tickets.TestSupportTicketSystem" name="test_04_create_ticket_sugestao_low_priority" time="0.674" /><testcase classname="backend.tests.test_support_tickets.TestSupportTicketSystem" name="test_05_create_ticket_validation_error" time="0.216" /><testcase classname="backend.tests.test_support_tickets.TestSupportTicketSystem" name="test_06_create_ticket_invalid_type" time="0.195" /><testcase classname="backend.tests.test_support_tickets.TestSupportTicketSystem" name="test_07_list_user_tickets" time="0.121" /><testcase classname="backend.tests.test_support_tickets.TestSupportTicketSystem" name="test_08_get_ticket_detail_user" time="0.155" /><testcase classname="backend.tests.test_support_tickets.TestSupportTicketSystem" name="test_09_user_reply_to_ticket" time="0.367" /><testcase classname="backend.tests.test_support_tickets.TestSupportTicketSystem" name="test_10_admin_list_tickets" time="0.135" /><testcase classname="backend.tests.test_support_tickets.TestSupportTicketSystem" name="test_11_admin_list_tickets_filter_status" time="0.129" /><testcase classname="backend.tests.test_support_tickets.TestSupportTicketSystem" name="test_12_admin_list_tickets_filter_type" time="0.142" /><testcase classname="backend.tests.test_support_tickets.TestSupportTicketSystem" name="test_13_admin_list_tickets_filter_priority" time="0.126" /><testcase classname="backend.tests.test_support_tickets.TestSupportTicketSystem" name="test_14_admin_list_tickets_search" time="0.161" /><testcase classname="backend.tests.test_support_tickets.TestSupportTicketSystem" name="test_15_admin_get_ticket_detail" time="0.147" /><testcase classname="backend.tests.test_support_tickets.TestSupportTicketSystem" name="test_16_admin_reply_to_ticket" time="0.317" /><testcase classname="backend.tests.test_support_tickets.TestSupportTicketSystem" name="test_17_admin_update_status" time="0.318" /><testcase classname="backend.tests.test_support_tickets.TestSupportTicketSystem" name="test_18_admin_update_priority" time="0.117" /><testcase classname="backend.tests.test_support_tickets.TestSupportTicketSystem" name="test_19_admin_add_internal_note" time="0.199" /><testcase classname="backend.tests.test_support_tickets.TestSupportTicketSystem" name="test_20_user_reply_changes_status_to_em_analise" time="0.449" /><testcase classname="backend.tests.test_support_tickets.TestSupportTicketSystem" name="test_21_admin_mark_resolved" time="0.358" /><testcase classname="backend.tests.test_support_tickets.TestSupportTicketSystem" name="test_22_admin_close_ticket" time="0.372" /><testcase classname="backend.tests.test_support_tickets.TestSupportTicketSystem" name="test_23_user_endpoints_require_auth" time="0.408" /><testcase classname="backend.tests.test_support_tickets.TestSupportTicketSystem" name="test_24_admin_endpoints_require_admin" time="0.142" /><testcase classname="backend.tests.test_support_tickets.TestFileUpload" name="test_upload_requires_auth" time="0.538" /></testsuite></testsuites>