<?xml version="1.0" encoding="utf-8"?><testsuites name="pytest tests"><testsuite name="pytest" errors="0" failures="0" skipped="1" tests="12" time="6.934" timestamp="2026-03-17T15:02:28.824555+00:00" hostname="agent-env-cd84350a-3868-43dc-94f5-cc27d5205d4d"><testcase classname="backend.tests.test_support_v2_features.TestSupportStatsEndpoint" name="test_admin_tickets_returns_today_count" time="0.616" /><testcase classname="backend.tests.test_support_v2_features.TestSupportStatsEndpoint" name="test_admin_tickets_returns_in_analysis" time="0.551" /><testcase classname="backend.tests.test_support_v2_features.TestSupportStatsEndpoint" name="test_admin_tickets_returns_awaiting_reply" time="0.503" /><testcase classname="backend.tests.test_support_v2_features.TestSupportStatsEndpoint" name="test_admin_tickets_returns_urgent_count" time="0.520" /><testcase classname="backend.tests.test_support_v2_features.TestSupportStatsEndpoint" name="test_admin_tickets_returns_types_breakdown" time="0.515" /><testcase classname="backend.tests.test_support_v2_features.TestSupportStatsEndpoint" name="test_all_stats_fields_in_single_response" time="0.487" /><testcase classname="backend.tests.test_support_v2_features.TestSupportEmailsCTA" name="test_main_journey_exists_with_is_main_trip" time="0.475" /><testcase classname="backend.tests.test_support_v2_features.TestSupportEmailsCTA" name="test_get_support_cta_block_endpoint_exists" time="0.515" /><testcase classname="backend.tests.test_support_v2_features.TestExistingTicketOperations" name="test_get_existing_tickets" time="0.512" /><testcase classname="backend.tests.test_support_v2_features.TestExistingTicketOperations" name="test_admin_reply_sends_email_with_cta" time="0.868" /><testcase classname="backend.tests.test_support_v2_features.TestExistingTicketOperations" name="test_status_change_sends_email_with_cta" time="0.475"><skipped type="pytest.skip" message="No tickets in 'Em analise' status to test">/app/backend/tests/test_support_v2_features.py:223: No tickets in 'Em analise' status to test</skipped></testcase><testcase classname="backend.tests.test_support_v2_features.TestQuickTemplatesBackend" name="test_admin_reply_accepts_template_text" time="0.842" /></testsuite></testsuites>