<?xml version="1.0" encoding="utf-8"?><testsuites name="pytest tests"><testsuite name="pytest" errors="0" failures="0" skipped="1" tests="22" time="8.949" timestamp="2026-03-17T15:12:39.823790+00:00" hostname="agent-env-cd84350a-3868-43dc-94f5-cc27d5205d4d"><testcase classname="backend.tests.test_testimonials.TestTestimonialSystem" name="test_01_create_testimonial_draft" time="0.945" /><testcase classname="backend.tests.test_testimonials.TestTestimonialSystem" name="test_02_ticket_marked_has_testimonial" time="0.157" /><testcase classname="backend.tests.test_testimonials.TestTestimonialSystem" name="test_03_admin_list_testimonials" time="0.144" /><testcase classname="backend.tests.test_testimonials.TestTestimonialSystem" name="test_04_update_testimonial_text" time="0.273" /><testcase classname="backend.tests.test_testimonials.TestTestimonialSystem" name="test_05_request_authorization" time="1.689" /><testcase classname="backend.tests.test_testimonials.TestTestimonialSystem" name="test_06_authorize_testimonial_public_endpoint" time="0.148" /><testcase classname="backend.tests.test_testimonials.TestTestimonialSystem" name="test_07_testimonial_now_authorized" time="0.139" /><testcase classname="backend.tests.test_testimonials.TestTestimonialSystem" name="test_08_publish_testimonial" time="0.314" /><testcase classname="backend.tests.test_testimonials.TestTestimonialSystem" name="test_09_published_testimonials_public_endpoint" time="0.148" /><testcase classname="backend.tests.test_testimonials.TestTestimonialSystem" name="test_10_delete_testimonial" time="0.279" /><testcase classname="backend.tests.test_testimonials.TestTestimonialRejectFlow" name="test_01_create_testimonial_for_rejection" time="2.045" /><testcase classname="backend.tests.test_testimonials.TestTestimonialRejectFlow" name="test_02_reject_testimonial_public_endpoint" time="0.135" /><testcase classname="backend.tests.test_testimonials.TestTestimonialRejectFlow" name="test_03_testimonial_status_is_rejected" time="0.134" /><testcase classname="backend.tests.test_testimonials.TestTestimonialRejectFlow" name="test_04_cannot_publish_rejected_testimonial" time="0.149" /><testcase classname="backend.tests.test_testimonials.TestTestimonialRejectFlow" name="test_05_cleanup_rejected_testimonial" time="0.131" /><testcase classname="backend.tests.test_testimonials.TestTestimonialEdgeCases" name="test_create_testimonial_empty_text" time="0.655" /><testcase classname="backend.tests.test_testimonials.TestTestimonialEdgeCases" name="test_create_testimonial_nonexistent_ticket" time="0.140" /><testcase classname="backend.tests.test_testimonials.TestTestimonialEdgeCases" name="test_publish_unauthorized_testimonial_fails" time="0.175"><skipped type="pytest.skip" message="No draft testimonials to test">/app/backend/tests/test_testimonials.py:481: No draft testimonials to test</skipped></testcase><testcase classname="backend.tests.test_testimonials.TestTestimonialEdgeCases" name="test_authorize_invalid_token" time="0.141" /><testcase classname="backend.tests.test_testimonials.TestTestimonialEdgeCases" name="test_reject_invalid_token" time="0.126" /><testcase classname="backend.tests.test_testimonials.TestTestimonialEdgeCases" name="test_admin_endpoints_require_auth" time="0.664" /><testcase classname="backend.tests.test_testimonials.TestTestimonialEdgeCases" name="test_public_endpoints_no_auth" time="0.127" /></testsuite></testsuites>