<?xml version="1.0" encoding="utf-8"?><testsuites name="pytest tests"><testsuite name="pytest" errors="0" failures="0" skipped="0" tests="12" time="9.024" timestamp="2026-03-06T15:43:54.186292+00:00" hostname="agent-env-211eecae-89d9-4b4f-bfd6-81723e2db32c"><testcase classname="backend.tests.test_translation.TestTranslationAPI" name="test_translate_endpoint_exists" time="3.517" /><testcase classname="backend.tests.test_translation.TestTranslationAPI" name="test_translate_portuguese_to_english" time="1.097" /><testcase classname="backend.tests.test_translation.TestTranslationAPI" name="test_translate_to_spanish" time="1.047" /><testcase classname="backend.tests.test_translation.TestAdminEndpoints" name="test_admin_login" time="0.374" /><testcase classname="backend.tests.test_translation.TestAdminEndpoints" name="test_admin_journeys_endpoint" time="0.504" /><testcase classname="backend.tests.test_translation.TestAdminEndpoints" name="test_admin_stats_endpoint" time="0.546" /><testcase classname="backend.tests.test_translation.TestAdminEndpoints" name="test_admin_contributions_endpoint" time="0.487" /><testcase classname="backend.tests.test_translation.TestAdminEndpoints" name="test_admin_settings_endpoint" time="0.484" /><testcase classname="backend.tests.test_translation.TestAdminEndpoints" name="test_admin_users_dashboard" time="0.546" /><testcase classname="backend.tests.test_translation.TestPublicEndpoints" name="test_journeys_endpoint" time="0.110" /><testcase classname="backend.tests.test_translation.TestPublicEndpoints" name="test_contribution_config" time="0.128" /><testcase classname="backend.tests.test_translation.TestPublicEndpoints" name="test_settings_endpoint" time="0.119" /></testsuite></testsuites>