<?xml version="1.0" encoding="utf-8"?><testsuites name="pytest tests"><testsuite name="pytest" errors="0" failures="2" skipped="0" tests="11" time="113.280" timestamp="2026-03-25T20:46:34.529292+00:00" hostname="agent-env-15fa1322-fa0e-4014-bd1e-9982079a9c74"><testcase classname="backend.tests.test_travel_context_iter67.TestTravelPlanGeneration" name="test_travel_plan_includes_flight_info" time="25.264" /><testcase classname="backend.tests.test_travel_context_iter67.TestTravelPlanGeneration" name="test_travel_plan_includes_hotel_info" time="26.126" /><testcase classname="backend.tests.test_travel_context_iter67.TestTravelPlanGeneration" name="test_travel_plan_includes_airport_to_hotel" time="22.710" /><testcase classname="backend.tests.test_travel_context_iter67.TestGeocodeSpecialPins" name="test_geocode_returns_airport_pin" time="2.359" /><testcase classname="backend.tests.test_travel_context_iter67.TestGeocodeSpecialPins" name="test_geocode_returns_hotel_pin" time="2.779" /><testcase classname="backend.tests.test_travel_context_iter67.TestGeocodeSpecialPins" name="test_geocode_returns_both_pins" time="3.102" /><testcase classname="backend.tests.test_travel_context_iter67.TestRefinePreservesContext" name="test_refine_preserves_flight_info" time="14.625" /><testcase classname="backend.tests.test_travel_context_iter67.TestRefinePreservesContext" name="test_refine_preserves_hotel_info" time="15.984" /><testcase classname="backend.tests.test_travel_context_iter67.TestRefinePreservesContext" name="test_refine_preserves_airport_to_hotel" time="0.203"><failure message="AssertionError: Expected 200, got 429: {&quot;detail&quot;:&quot;Já criaste vários planos! ✈️ Podes gerar um novo dentro de 1 hora.&quot;}&#10;assert 429 == 200&#10; +  where 429 = &lt;Response [429]&gt;.status_code">backend/tests/test_travel_context_iter67.py:548: in test_refine_preserves_airport_to_hotel
    assert resp.status_code == 200, f"Expected 200, got {resp.status_code}: {resp.text}"
E   AssertionError: Expected 200, got 429: {"detail":"Já criaste vários planos! ✈️ Podes gerar um novo dentro de 1 hora."}
E   assert 429 == 200
E    +  where 429 = &lt;Response [429]&gt;.status_code</failure></testcase><testcase classname="backend.tests.test_travel_context_iter67.TestFrontendDataTestIds" name="test_travel_context_testids_exist" time="0.007" /><testcase classname="backend.tests.test_travel_context_iter67.TestFrontendDataTestIds" name="test_smartmap_special_pins_testids_exist" time="0.004"><failure message="AssertionError: SmartMap should have data-testid='sidebar-special-airport'&#10;assert 'sidebar-special-airport' in '      &lt;div className=&quot;bg-white rounded-xl border border-[#FFBE98]/20 p-8 flex flex-col items-center justify-center gap-3&quot; data-testid=&quot;smart-map-loading&quot;&gt;\n      &lt;div className=&quot;bg-stone-50 rounded-xl border border-stone-100 p-6 text-center&quot; data-testid=&quot;smart-map-empty&quot;&gt;\n      data-testid=&quot;smart-map&quot;\n'&#10; +  where '      &lt;div className=&quot;bg-white rounded-xl border border-[#FFBE98]/20 p-8 flex flex-col items-center justify-center gap-3&quot; data-testid=&quot;smart-map-loading&quot;&gt;\n      &lt;div className=&quot;bg-stone-50 rounded-xl border border-stone-100 p-6 text-center&quot; data-testid=&quot;smart-map-empty&quot;&gt;\n      data-testid=&quot;smart-map&quot;\n' = CompletedProcess(args=['grep', '-E', 'data-testid=[\'&quot;]sidebar-special-airport|data-testid=[\'&quot;]sidebar-special-hotel|data-testid=[\'&quot;]smart-map', '/app/frontend/src/components/SmartMap.js'], returncode=0, stdout='      &lt;div className=&quot;bg-white rounded-xl border border-[#FFBE98]/20 p-8 flex flex-col items-center justify-center gap-3&quot; data-testid=&quot;smart-map-loading&quot;&gt;\n      &lt;div className=&quot;bg-stone-50 rounded-xl border border-stone-100 p-6 text-center&quot; data-testid=&quot;smart-map-empty&quot;&gt;\n      data-testid=&quot;smart-map&quot;\n', stderr='').stdout">backend/tests/test_travel_context_iter67.py:599: in test_smartmap_special_pins_testids_exist
    assert "sidebar-special-airport" in result.stdout, "SmartMap should have data-testid='sidebar-special-airport'"
E   AssertionError: SmartMap should have data-testid='sidebar-special-airport'
E   assert 'sidebar-special-airport' in '      &lt;div className="bg-white rounded-xl border border-[#FFBE98]/20 p-8 flex flex-col items-center justify-center gap-3" data-testid="smart-map-loading"&gt;\n      &lt;div className="bg-stone-50 rounded-xl border border-stone-100 p-6 text-center" data-testid="smart-map-empty"&gt;\n      data-testid="smart-map"\n'
E    +  where '      &lt;div className="bg-white rounded-xl border border-[#FFBE98]/20 p-8 flex flex-col items-center justify-center gap-3" data-testid="smart-map-loading"&gt;\n      &lt;div className="bg-stone-50 rounded-xl border border-stone-100 p-6 text-center" data-testid="smart-map-empty"&gt;\n      data-testid="smart-map"\n' = CompletedProcess(args=['grep', '-E', 'data-testid=[\'"]sidebar-special-airport|data-testid=[\'"]sidebar-special-hotel|data-testid=[\'"]smart-map', '/app/frontend/src/components/SmartMap.js'], returncode=0, stdout='      &lt;div className="bg-white rounded-xl border border-[#FFBE98]/20 p-8 flex flex-col items-center justify-center gap-3" data-testid="smart-map-loading"&gt;\n      &lt;div className="bg-stone-50 rounded-xl border border-stone-100 p-6 text-center" data-testid="smart-map-empty"&gt;\n      data-testid="smart-map"\n', stderr='').stdout</failure></testcase></testsuite></testsuites>