<?xml version="1.0" encoding="utf-8"?><testsuites name="pytest tests"><testsuite name="pytest" errors="0" failures="0" skipped="0" tests="7" time="2.878" timestamp="2026-03-18T22:00:55.605923+00:00" hostname="agent-env-50c17fad-efaf-4ce8-9416-04419f4e94f8"><testcase classname="backend.tests.test_travel_plan_refine_iter40.TestTravelPlanRefineEndpoint" name="test_refine_missing_refinement_returns_400" time="1.509" /><testcase classname="backend.tests.test_travel_plan_refine_iter40.TestTravelPlanRefineEndpoint" name="test_refine_missing_previous_plan_returns_400" time="0.162" /><testcase classname="backend.tests.test_travel_plan_refine_iter40.TestTravelPlanRefineEndpoint" name="test_refine_missing_destination_returns_400" time="0.279" /><testcase classname="backend.tests.test_travel_plan_refine_iter40.TestTravelPlanRefineEndpoint" name="test_refine_empty_refinement_returns_400" time="0.166" /><testcase classname="backend.tests.test_travel_plan_refine_iter40.TestTravelPlanRefineEndpoint" name="test_refine_empty_previous_plan_returns_400" time="0.149" /><testcase classname="backend.tests.test_travel_plan_refine_iter40.TestAffiliateLinksForTravelGuide" name="test_get_affiliate_links" time="0.209" /><testcase classname="backend.tests.test_travel_plan_refine_iter40.TestHealthCheck" name="test_api_reachable" time="0.345" /></testsuite></testsuites>