<?xml version="1.0" encoding="utf-8"?><testsuites name="pytest tests"><testsuite name="pytest" errors="0" failures="0" skipped="0" tests="9" time="24.334" timestamp="2026-03-18T20:43:16.050800+00:00" hostname="agent-env-50c17fad-efaf-4ce8-9416-04419f4e94f8"><testcase classname="backend.tests.test_travel_planner_boost.TestAffiliateLinks" name="test_get_affiliate_links" time="0.161" /><testcase classname="backend.tests.test_travel_planner_boost.TestAffiliateLinks" name="test_track_affiliate_click_booking" time="0.202" /><testcase classname="backend.tests.test_travel_planner_boost.TestAffiliateLinks" name="test_track_affiliate_click_skyscanner" time="0.130" /><testcase classname="backend.tests.test_travel_planner_boost.TestAffiliateLinks" name="test_track_affiliate_click_getyourguide" time="0.119" /><testcase classname="backend.tests.test_travel_planner_boost.TestAffiliateLinks" name="test_track_affiliate_click_airalo" time="0.137" /><testcase classname="backend.tests.test_travel_planner_boost.TestAffiliateLinks" name="test_track_affiliate_click_invalid_platform" time="0.179" /><testcase classname="backend.tests.test_travel_planner_boost.TestTravelPlanAPI" name="test_travel_plan_missing_fields" time="1.453" /><testcase classname="backend.tests.test_travel_planner_boost.TestTravelPlanAPI" name="test_travel_plan_empty_destination" time="0.169" /><testcase classname="backend.tests.test_travel_planner_boost.TestTravelPlanAPI" name="test_travel_plan_generation" time="21.714" /></testsuite></testsuites>