<?xml version="1.0" encoding="utf-8"?><testsuites name="pytest tests"><testsuite name="pytest" errors="0" failures="1" skipped="0" tests="9" time="100.756" timestamp="2026-03-18T22:20:14.072066+00:00" hostname="agent-env-50c17fad-efaf-4ce8-9416-04419f4e94f8"><testcase classname="backend.tests.test_travel_planner_multiselect_iter41.TestTravelPlannerMultiSelect" name="test_api_reachable" time="0.183"><failure message="assert 404 == 200&#10; +  where 404 = &lt;Response [404]&gt;.status_code">backend/tests/test_travel_planner_multiselect_iter41.py:21: in test_api_reachable
    assert response.status_code == 200
E   assert 404 == 200
E    +  where 404 = &lt;Response [404]&gt;.status_code</failure></testcase><testcase classname="backend.tests.test_travel_planner_multiselect_iter41.TestTravelPlannerMultiSelect" name="test_travel_plan_with_single_trip_type_string" time="23.769" /><testcase classname="backend.tests.test_travel_planner_multiselect_iter41.TestTravelPlannerMultiSelect" name="test_travel_plan_with_array_trip_type" time="0.176" /><testcase classname="backend.tests.test_travel_planner_multiselect_iter41.TestTravelPlannerMultiSelect" name="test_travel_plan_with_empty_array" time="37.746" /><testcase classname="backend.tests.test_travel_planner_multiselect_iter41.TestTravelPlannerMultiSelect" name="test_travel_plan_with_three_trip_types" time="21.784" /><testcase classname="backend.tests.test_travel_planner_multiselect_iter41.TestTravelPlannerMultiSelect" name="test_travel_plan_refine_with_array_trip_type" time="16.312" /><testcase classname="backend.tests.test_travel_planner_multiselect_iter41.TestTravelPlannerMultiSelect" name="test_travel_plan_refine_missing_refinement" time="0.280" /><testcase classname="backend.tests.test_travel_planner_multiselect_iter41.TestTravelPlannerMultiSelect" name="test_travel_plan_refine_missing_previous_plan" time="0.260" /><testcase classname="backend.tests.test_travel_planner_multiselect_iter41.TestAffiliateLinks" name="test_affiliate_links_endpoint" time="0.173" /></testsuite></testsuites>