<?xml version="1.0" encoding="utf-8"?><testsuites name="pytest tests"><testsuite name="pytest" errors="0" failures="0" skipped="0" tests="7" time="3.687" timestamp="2026-03-09T21:44:44.390828+00:00" hostname="agent-env-b45b1ad7-a600-40a0-bc19-5b984d018450"><testcase classname="backend.tests.test_trust_badges.TestTrustBadgeSystem" name="test_get_journey_with_ambassador_info" time="0.218" /><testcase classname="backend.tests.test_trust_badges.TestTrustBadgeSystem" name="test_admin_update_user_level_to_sonhador" time="0.612" /><testcase classname="backend.tests.test_trust_badges.TestTrustBadgeSystem" name="test_admin_update_user_level_to_verificado" time="0.601" /><testcase classname="backend.tests.test_trust_badges.TestTrustBadgeSystem" name="test_admin_update_user_level_to_embaixador" time="0.573" /><testcase classname="backend.tests.test_trust_badges.TestTrustBadgeSystem" name="test_admin_update_user_level_invalid" time="0.603" /><testcase classname="backend.tests.test_trust_badges.TestTrustBadgeSystem" name="test_admin_update_nonexistent_user_level" time="0.453" /><testcase classname="backend.tests.test_trust_badges.TestTrustBadgeSystem" name="test_journey_ambassador_info_level_matches_user_level" time="0.569" /></testsuite></testsuites>