<?xml version="1.0" encoding="utf-8"?><testsuites name="pytest tests"><testsuite name="pytest" errors="0" failures="0" skipped="0" tests="6" time="2.125" timestamp="2026-03-25T21:51:54.447355+00:00" hostname="agent-env-15fa1322-fa0e-4014-bd1e-9982079a9c74"><testcase classname="backend.tests.test_ux_conversion_iter71.TestAffiliateLinks" name="test_get_affiliate_links_returns_all_categories" time="0.260" /><testcase classname="backend.tests.test_ux_conversion_iter71.TestPDFGeneration" name="test_pdf_endpoint_requires_auth" time="0.144" /><testcase classname="backend.tests.test_ux_conversion_iter71.TestPDFGeneration" name="test_pdf_endpoint_requires_plan" time="0.513" /><testcase classname="backend.tests.test_ux_conversion_iter71.TestPDFGeneration" name="test_pdf_generation_with_valid_plan" time="0.565" /><testcase classname="backend.tests.test_ux_conversion_iter71.TestPDFGeneration" name="test_pdf_includes_affiliate_links_section" time="0.460" /><testcase classname="backend.tests.test_ux_conversion_iter71.TestAffiliateClickTracking" name="test_track_affiliate_click" time="0.121" /></testsuite></testsuites>